#
# A fatal error has been detected by the Java Runtime Environment:
#
#  SIGSEGV (0xb) at pc=0x00007f3ae08eeb52, pid=16692, tid=16726
#
# JRE version: OpenJDK Runtime Environment (11.0.16+8) (build 11.0.16+8-post-Ubuntu-0ubuntu122.04)
# Java VM: OpenJDK 64-Bit Server VM (11.0.16+8-post-Ubuntu-0ubuntu122.04, mixed mode, sharing, tiered, compressed oops, g1 gc, linux-amd64)
# Problematic frame:
# V  [libjvm.so+0x81eb52]
#
# Core dump will be written. Default location: Core dumps may be processed with "/usr/share/apport/apport -p%p -s%s -c%c -d%d -P%P -u%u -g%g -- %E" (or dumping to /home/elearning/Desktop/Artificial_Intelligence_Code/Homework-Correction/core.16692)
#
# If you would like to submit a bug report, please visit:
#   https://bugs.launchpad.net/ubuntu/+source/openjdk-lts
#

---------------  S U M M A R Y ------------

Command Line: org.languagetool.server.HTTPServer -p 8081

Host: Intel(R) Core(TM) i3-2120 CPU @ 3.30GHz, 4 cores, 7G, Ubuntu 22.04.1 LTS
Time: Wed Oct 12 10:47:11 2022 EEST elapsed time: 4.970183 seconds (0d 0h 0m 4s)

---------------  T H R E A D  ---------------

Current thread (0x00007f3aa8009000):  GCTaskThread "GC Thread#3" [stack: 0x00007f3aa1d0e000,0x00007f3aa1e0e000] [id=16726]

Stack: [0x00007f3aa1d0e000,0x00007f3aa1e0e000],  sp=0x00007f3aa1e0c910,  free space=1018k
Native frames: (J=compiled Java code, A=aot compiled Java code, j=interpreted, Vv=VM code, C=native code)
V  [libjvm.so+0x81eb52]
V  [libjvm.so+0x745aad]
V  [libjvm.so+0x79f9de]
V  [libjvm.so+0x7a8c12]
V  [libjvm.so+0x705b9f]
V  [libjvm.so+0x74a752]
V  [libjvm.so+0x7a1319]
V  [libjvm.so+0x7a1480]
V  [libjvm.so+0x75afb0]
V  [libjvm.so+0xece65e]
V  [libjvm.so+0xe32860]
V  [libjvm.so+0xbf01ee]


siginfo: si_signo: 11 (SIGSEGV), si_code: 1 (SEGV_MAPERR), si_addr: 0x000000088036cb40

Register to memory mapping:

RAX=0x0000000000000001 is an unknown value
RBX=0x00007f3ad8091890 points into unknown readable memory: 0x00007f3ae12f5538 | 38 55 2f e1 3a 7f 00 00
RCX=0x0000000000000003 is an unknown value
RDX=0x00007f3ae1322850: <offset 0x0000000001252850> in /usr/lib/jvm/java-11-openjdk-amd64/lib/server/libjvm.so at 0x00007f3ae00d0000
RSP=0x00007f3aa1e0c910 points into unknown readable memory: 0x00000000876a5800 | 00 58 6a 87 00 00 00 00
RBP=0x00007f3aa1e0c930 points into unknown readable memory: 0x00007f3aa1e0c980 | 80 c9 e0 a1 3a 7f 00 00
RSI=
[error occurred during error reporting (printing register info), id 0xb, SIGSEGV (0xb) at pc=0x00007f3ae08eeb52]

Registers:
RAX=0x0000000000000001, RBX=0x00007f3ad8091890, RCX=0x0000000000000003, RDX=0x00007f3ae1322850
RSP=0x00007f3aa1e0c910, RBP=0x00007f3aa1e0c930, RSI=0x000000008768b748, RDI=0x000000088036cb38
R8 =0x000000008768b6e0, R9 =0x0000000000000200, R10=0x00007ffc9938e080, R11=0x00007f3adf1a0407
R12=0x000000008768b748, R13=0x00007f3ad8024c30, R14=0x00007f3ad80918e8, R15=0x000000008768b748
RIP=0x00007f3ae08eeb52, EFLAGS=0x0000000000010202, CSGSFS=0x002b000000000033, ERR=0x0000000000000004
  TRAPNO=0x000000000000000e

Top of Stack: (sp=0x00007f3aa1e0c910)
0x00007f3aa1e0c910:   00000000876a5800 00007f3ae134f96c
0x00007f3aa1e0c920:   00000000876a5800 00007f3aa1e0c940
0x00007f3aa1e0c930:   00007f3aa1e0c980 00007f3ae0815aad
0x00007f3aa1e0c940:   000000000001245c 000000008768b800 

Instructions: (pc=0x00007f3ae08eeb52)
0x00007f3ae08eea52:   7f 18 4c 89 e6 48 8b 07 ff 50 08 48 8d 05 d8 29
0x00007f3ae08eea62:   a6 00 49 8b 7f 10 4c 63 20 48 8b 07 4d 01 ec 4c
0x00007f3ae08eea72:   89 e6 ff 50 08 49 8b 7f 18 4c 89 e6 48 8b 07 48
0x00007f3ae08eea82:   8b 40 08 48 83 c4 18 5b 41 5c 41 5d 41 5e 41 5f
0x00007f3ae08eea92:   5d ff e0 66 2e 0f 1f 84 00 00 00 00 00 90 f3 0f
0x00007f3ae08eeaa2:   1e fa 55 48 89 e5 41 55 41 54 49 89 f4 53 48 89
0x00007f3ae08eeab2:   fb 48 83 ec 08 48 8b 47 50 48 39 c6 0f 84 ac 01
0x00007f3ae08eeac2:   00 00 48 8b 07 48 8d 15 22 62 f3 ff 48 8b 80 a0
0x00007f3ae08eead2:   00 00 00 48 39 d0 0f 85 a2 00 00 00 e8 cd c5 f2
0x00007f3ae08eeae2:   ff 48 8d 15 a6 8d f2 ff 49 89 c5 48 8b 03 48 8b
0x00007f3ae08eeaf2:   40 28 48 39 d0 0f 85 bb 01 00 00 48 8b 53 50 48
0x00007f3ae08eeb02:   8b 43 08 48 29 c2 48 c1 ea 03 49 39 c4 72 0d 48
0x00007f3ae08eeb12:   8d 04 d0 49 39 c4 0f 82 72 01 00 00 48 8b 83 08
0x00007f3ae08eeb22:   01 00 00 4c 3b 60 08 75 5b 48 8d 05 3a 0e a6 00
0x00007f3ae08eeb32:   0f b6 00 84 c0 0f 84 fb 01 00 00 48 8d 15 0c 3d
0x00007f3ae08eeb42:   a3 00 41 8b 7c 24 08 8b 4a 08 48 d3 e7 48 03 3a
0x00007f3ae08eeb52:   8b 4f 08 85 c9 0f 8e 93 01 00 00 f6 c1 01 0f 85
0x00007f3ae08eeb62:   62 01 00 00 48 83 c4 08 c1 f9 03 5b 48 63 c1 41
0x00007f3ae08eeb72:   5c 41 5d 5d c3 66 0f 1f 84 00 00 00 00 00 ff d0
0x00007f3ae08eeb82:   84 c0 75 a5 e8 25 c5 f2 ff ba 08 00 00 00 4c 8b
0x00007f3ae08eeb92:   8b 58 01 00 00 48 8b 80 38 06 00 00 4c 8b 80 88
0x00007f3ae08eeba2:   00 00 00 41 8b 70 10 49 8b 38 89 f1 49 29 f9 d3
0x00007f3ae08eebb2:   e2 49 c1 e9 03 8d 42 ff f7 da 49 d3 e9 48 98 48
0x00007f3ae08eebc2:   63 d2 4c 01 e0 48 21 d0 48 29 f8 48 c1 e8 03 48
0x00007f3ae08eebd2:   d3 e8 4c 39 c8 74 6a 4d 8b 40 18 48 89 c2 48 89
0x00007f3ae08eebe2:   c1 48 c1 ea 06 83 e1 3f 49 8b 1c d0 48 d3 eb 48
0x00007f3ae08eebf2:   89 d9 48 85 db 75 6e 49 8d 49 ff 48 8d 42 01 48
0x00007f3ae08eec02:   c1 e9 06 48 8d 51 01 48 39 c2 77 0e eb 33 48 8d
0x00007f3ae08eec12:   50 01 48 39 c8 74 2a 48 89 d0 49 8b 14 c0 48 85
0x00007f3ae08eec22:   d2 74 eb 48 c1 e0 06 f6 c2 01 75 0e 66 90 48 d1
0x00007f3ae08eec32:   ea 48 83 c0 01 f6 c2 01 74 f4 49 39 c1 4c 0f 47
0x00007f3ae08eec42:   c8 89 f1 49 d3 e1 4a 8d 04 cf 4c 29 e0 48 c1 e8 


Stack slot to memory mapping:
stack at sp + 0 slots: 
[error occurred during error reporting (inspecting top of stack), id 0xb, SIGSEGV (0xb) at pc=0x00007f3ae08eeb52]


---------------  P R O C E S S  ---------------

Threads class SMR info:
_java_thread_list=0x00007f3a4c0375c0, length=18, elements={
0x00007f3ad8110000, 0x00007f3ad8112000, 0x00007f3ad8118800, 0x00007f3ad811a800,
0x00007f3ad811c800, 0x00007f3ad811e800, 0x00007f3ad8120800, 0x00007f3ad816c000,
0x00007f3ad8878000, 0x00007f3ad8881800, 0x00007f3ad89d5800, 0x00007f3ad89fc000,
0x00007f3ad8a07000, 0x00007f3ad8015800, 0x00007f3a5c006000, 0x00007f3a5c007800,
0x00007f3a5c009800, 0x00007f3a4c036000
}

Java Threads: ( => current thread )
  0x00007f3ad8110000 JavaThread "Reference Handler" daemon [_thread_blocked, id=16700, stack(0x00007f3ab8048000,0x00007f3ab8148000)]
  0x00007f3ad8112000 JavaThread "Finalizer" daemon [_thread_blocked, id=16701, stack(0x00007f3aa3f00000,0x00007f3aa4000000)]
  0x00007f3ad8118800 JavaThread "Signal Dispatcher" daemon [_thread_blocked, id=16702, stack(0x00007f3aa3018000,0x00007f3aa3118000)]
  0x00007f3ad811a800 JavaThread "Service Thread" daemon [_thread_blocked, id=16703, stack(0x00007f3aa2f18000,0x00007f3aa3018000)]
  0x00007f3ad811c800 JavaThread "C2 CompilerThread0" daemon [_thread_blocked, id=16704, stack(0x00007f3aa2e18000,0x00007f3aa2f18000)]
  0x00007f3ad811e800 JavaThread "C1 CompilerThread0" daemon [_thread_blocked, id=16705, stack(0x00007f3aa2d18000,0x00007f3aa2e18000)]
  0x00007f3ad8120800 JavaThread "Sweeper thread" daemon [_thread_blocked, id=16706, stack(0x00007f3aa2c18000,0x00007f3aa2d18000)]
  0x00007f3ad816c000 JavaThread "Common-Cleaner" daemon [_thread_blocked, id=16709, stack(0x00007f3aa2a16000,0x00007f3aa2b16000)]
  0x00007f3ad8878000 JavaThread "LtThreadPoolMonitor" daemon [_thread_blocked, id=16715, stack(0x00007f3aa2712000,0x00007f3aa2812000)]
  0x00007f3ad8881800 JavaThread "LtThreadPoolExecutorMonitor" daemon [_thread_blocked, id=16716, stack(0x00007f3aa2612000,0x00007f3aa2712000)]
  0x00007f3ad89d5800 JavaThread "LtThreadPoolExecutorMonitor" daemon [_thread_blocked, id=16721, stack(0x00007f3aa210e000,0x00007f3aa220e000)]
  0x00007f3ad89fc000 JavaThread "server-timer" daemon [_thread_blocked, id=16722, stack(0x00007f3aa200e000,0x00007f3aa210e000)]
  0x00007f3ad8a07000 JavaThread "HTTP-Dispatcher" [_thread_in_native, id=16723, stack(0x00007f3aa1f0e000,0x00007f3aa200e000)]
  0x00007f3ad8015800 JavaThread "DestroyJavaVM" [_thread_blocked, id=16693, stack(0x00007f3adfc9f000,0x00007f3adfd9f000)]
  0x00007f3a5c006000 JavaThread "lt-server-thread-0" [_thread_blocked, id=16725, stack(0x00007f3aa1e0e000,0x00007f3aa1f0e000)]
  0x00007f3a5c007800 JavaThread "lt-server-thread-1" [_thread_blocked, id=16727, stack(0x00007f3aa1c0c000,0x00007f3aa1d0c000)]
  0x00007f3a5c009800 JavaThread "lt-server-thread-2" [_thread_blocked, id=16728, stack(0x00007f3aa1b0c000,0x00007f3aa1c0c000)]
  0x00007f3a4c036000 JavaThread "lt-text-checker-thread-0" [_thread_blocked, id=16729, stack(0x00007f3aa180c000,0x00007f3aa190c000)]

Other Threads:
  0x00007f3ad810d000 VMThread "VM Thread" [stack: 0x00007f3adc094000,0x00007f3adc194000] [id=16699]
  0x00007f3ad8169800 WatcherThread [stack: 0x00007f3aa2b18000,0x00007f3aa2c18000] [id=16708]
  0x00007f3ad802f000 GCTaskThread "GC Thread#0" [stack: 0x00007f3adf96b000,0x00007f3adfa6b000] [id=16694]
  0x00007f3aa8001000 GCTaskThread "GC Thread#1" [stack: 0x00007f3aa2916000,0x00007f3aa2a16000] [id=16713]
  0x00007f3aa8002800 GCTaskThread "GC Thread#2" [stack: 0x00007f3aa2814000,0x00007f3aa2914000] [id=16714]
=>0x00007f3aa8009000 GCTaskThread "GC Thread#3" [stack: 0x00007f3aa1d0e000,0x00007f3aa1e0e000] [id=16726]
  0x00007f3ad8060000 ConcurrentGCThread "G1 Main Marker" [stack: 0x00007f3adc9e6000,0x00007f3adcae6000] [id=16695]
  0x00007f3ad8062000 ConcurrentGCThread "G1 Conc#0" [stack: 0x00007f3adc8e4000,0x00007f3adc9e4000] [id=16696]
  0x00007f3ad80da000 ConcurrentGCThread "G1 Refine#0" [stack: 0x00007f3adc3de000,0x00007f3adc4de000] [id=16697]
  0x00007f3ab0001800 ConcurrentGCThread "G1 Refine#1" [stack: 0x00007f3aa2512000,0x00007f3aa2612000] [id=16718]
  0x00007f3a6c001000 ConcurrentGCThread "G1 Refine#2" [stack: 0x00007f3aa2410000,0x00007f3aa2510000] [id=16719]
  0x00007f3ad80dc000 ConcurrentGCThread "G1 Young RemSet Sampling" [stack: 0x00007f3adc2dc000,0x00007f3adc3dc000] [id=16698]

Threads with active compile tasks:
C2 CompilerThread0     4982 1925       4       java.util.HashMap::computeIfAbsent (330 bytes)

VM state:at safepoint (normal execution)

VM Mutex/Monitor currently owned by a thread:  ([mutex/lock_event])
[0x00007f3ad8013820] Threads_lock - owner thread: 0x00007f3ad810d000
[0x00007f3ad8014000] Heap_lock - owner thread: 0x00007f3a4c036000

Heap address: 0x0000000085200000, size: 1966 MB, Compressed Oops mode: 32-bit
Narrow klass base: 0x0000000800000000, Narrow klass shift: 3
Compressed class space size: 1073741824 Address: 0x0000000840000000

Heap:
 garbage-first heap   total 160768K, used 75936K [0x0000000085200000, 0x0000000100000000)
  region size 1024K, 39 young (39936K), 5 survivors (5120K)
 Metaspace       used 13366K, capacity 13749K, committed 13952K, reserved 1060864K
  class space    used 1480K, capacity 1615K, committed 1664K, reserved 1048576K
Heap Regions: E=young(eden), S=young(survivor), O=old, HS=humongous(starts), HC=humongous(continues), CS=collection set, F=free, A=archive, TAMS=top-at-mark-start (previous, next)
|   0|0x0000000085200000, 0x0000000085300000, 0x0000000085300000|100%| O|  |TAMS 0x0000000085200000, 0x0000000085200000| Untracked 
|   1|0x0000000085300000, 0x0000000085400000, 0x0000000085400000|100%| O|  |TAMS 0x0000000085300000, 0x0000000085300000| Untracked 
|   2|0x0000000085400000, 0x0000000085500000, 0x0000000085500000|100%| O|  |TAMS 0x0000000085400000, 0x0000000085400000| Untracked 
|   3|0x0000000085500000, 0x0000000085600000, 0x0000000085600000|100%| O|  |TAMS 0x0000000085500000, 0x0000000085500000| Untracked 
|   4|0x0000000085600000, 0x0000000085700000, 0x0000000085700000|100%| O|  |TAMS 0x0000000085600000, 0x0000000085600000| Untracked 
|   5|0x0000000085700000, 0x0000000085800000, 0x0000000085800000|100%| O|  |TAMS 0x0000000085700000, 0x0000000085700000| Untracked 
|   6|0x0000000085800000, 0x0000000085900000, 0x0000000085900000|100%| O|  |TAMS 0x0000000085800000, 0x0000000085800000| Untracked 
|   7|0x0000000085900000, 0x0000000085a00000, 0x0000000085a00000|100%| O|  |TAMS 0x0000000085900000, 0x0000000085900000| Untracked 
|   8|0x0000000085a00000, 0x0000000085b00000, 0x0000000085b00000|100%| O|  |TAMS 0x0000000085a00000, 0x0000000085a00000| Untracked 
|   9|0x0000000085b00000, 0x0000000085c00000, 0x0000000085c00000|100%| O|  |TAMS 0x0000000085b00000, 0x0000000085b00000| Untracked 
|  10|0x0000000085c00000, 0x0000000085d00000, 0x0000000085d00000|100%| O|  |TAMS 0x0000000085c00000, 0x0000000085c00000| Untracked 
|  11|0x0000000085d00000, 0x0000000085e00000, 0x0000000085e00000|100%| O|  |TAMS 0x0000000085d00000, 0x0000000085d00000| Untracked 
|  12|0x0000000085e00000, 0x0000000085f00000, 0x0000000085f00000|100%| O|  |TAMS 0x0000000085e00000, 0x0000000085e00000| Untracked 
|  13|0x0000000085f00000, 0x0000000086000000, 0x0000000086000000|100%| O|  |TAMS 0x0000000085f00000, 0x0000000085f00000| Untracked 
|  14|0x0000000086000000, 0x0000000086100000, 0x0000000086100000|100%| O|  |TAMS 0x0000000086000000, 0x0000000086000000| Untracked 
|  15|0x0000000086100000, 0x0000000086200000, 0x0000000086200000|100%| O|  |TAMS 0x0000000086100000, 0x0000000086100000| Untracked 
|  16|0x0000000086200000, 0x0000000086300000, 0x0000000086300000|100%| O|  |TAMS 0x0000000086200000, 0x0000000086200000| Untracked 
|  17|0x0000000086300000, 0x0000000086400000, 0x0000000086400000|100%| O|  |TAMS 0x0000000086300000, 0x0000000086300000| Untracked 
|  18|0x0000000086400000, 0x0000000086500000, 0x0000000086500000|100%| O|  |TAMS 0x0000000086400000, 0x0000000086400000| Untracked 
|  19|0x0000000086500000, 0x0000000086600000, 0x0000000086600000|100%| O|  |TAMS 0x0000000086500000, 0x0000000086500000| Untracked 
|  20|0x0000000086600000, 0x0000000086700000, 0x0000000086700000|100%| O|  |TAMS 0x0000000086600000, 0x0000000086600000| Untracked 
|  21|0x0000000086700000, 0x0000000086800000, 0x0000000086800000|100%| O|  |TAMS 0x0000000086700000, 0x0000000086700000| Untracked 
|  22|0x0000000086800000, 0x0000000086900000, 0x0000000086900000|100%| O|  |TAMS 0x0000000086800000, 0x0000000086800000| Untracked 
|  23|0x0000000086900000, 0x0000000086a00000, 0x0000000086a00000|100%| O|  |TAMS 0x0000000086900000, 0x0000000086900000| Untracked 
|  24|0x0000000086a00000, 0x0000000086b00000, 0x0000000086b00000|100%| O|  |TAMS 0x0000000086a00000, 0x0000000086a00000| Untracked 
|  25|0x0000000086b00000, 0x0000000086c00000, 0x0000000086c00000|100%| O|  |TAMS 0x0000000086b00000, 0x0000000086b00000| Untracked 
|  26|0x0000000086c00000, 0x0000000086d00000, 0x0000000086d00000|100%| O|  |TAMS 0x0000000086c00000, 0x0000000086c00000| Untracked 
|  27|0x0000000086d00000, 0x0000000086e00000, 0x0000000086e00000|100%| O|  |TAMS 0x0000000086d00000, 0x0000000086d00000| Untracked 
|  28|0x0000000086e00000, 0x0000000086f00000, 0x0000000086f00000|100%| O|  |TAMS 0x0000000086e00000, 0x0000000086e00000| Untracked 
|  29|0x0000000086f00000, 0x0000000087000000, 0x0000000087000000|100%| O|  |TAMS 0x0000000086f00000, 0x0000000086f00000| Untracked 
|  30|0x0000000087000000, 0x0000000087096ed0, 0x0000000087100000| 58%| O|  |TAMS 0x0000000087000000, 0x0000000087000000| Untracked 
|  31|0x0000000087100000, 0x0000000087200000, 0x0000000087200000|100%|HS|  |TAMS 0x0000000087100000, 0x0000000087100000| Complete 
|  32|0x0000000087200000, 0x0000000087300000, 0x0000000087300000|100%| O|  |TAMS 0x0000000087200000, 0x0000000087200000| Untracked 
|  33|0x0000000087300000, 0x0000000087400000, 0x0000000087400000|100%| O|  |TAMS 0x0000000087300000, 0x0000000087300000| Untracked 
|  34|0x0000000087400000, 0x0000000087500000, 0x0000000087500000|100%| O|  |TAMS 0x0000000087400000, 0x0000000087400000| Untracked 
|  35|0x0000000087500000, 0x0000000087600000, 0x0000000087600000|100%| O|  |TAMS 0x0000000087500000, 0x0000000087500000| Untracked 
|  36|0x0000000087600000, 0x0000000087700000, 0x0000000087700000|100%| O|  |TAMS 0x0000000087600000, 0x0000000087600000| Untracked 
|  37|0x0000000087700000, 0x0000000087800000, 0x0000000087800000|100%| O|  |TAMS 0x0000000087700000, 0x0000000087700000| Untracked 
|  38|0x0000000087800000, 0x0000000087900000, 0x0000000087900000|100%| O|  |TAMS 0x0000000087800000, 0x0000000087800000| Untracked 
|  39|0x0000000087900000, 0x0000000087900000, 0x0000000087a00000|  0%| F|  |TAMS 0x0000000087900000, 0x0000000087900000| Untracked 
|  40|0x0000000087a00000, 0x0000000087a00000, 0x0000000087b00000|  0%| F|  |TAMS 0x0000000087a00000, 0x0000000087a00000| Untracked 
|  41|0x0000000087b00000, 0x0000000087b00000, 0x0000000087c00000|  0%| F|  |TAMS 0x0000000087b00000, 0x0000000087b00000| Untracked 
|  42|0x0000000087c00000, 0x0000000087c00000, 0x0000000087d00000|  0%| F|  |TAMS 0x0000000087c00000, 0x0000000087c00000| Untracked 
|  43|0x0000000087d00000, 0x0000000087d00000, 0x0000000087e00000|  0%| F|  |TAMS 0x0000000087d00000, 0x0000000087d00000| Untracked 
|  44|0x0000000087e00000, 0x0000000087e00000, 0x0000000087f00000|  0%| F|  |TAMS 0x0000000087e00000, 0x0000000087e00000| Untracked 
|  45|0x0000000087f00000, 0x0000000087f00000, 0x0000000088000000|  0%| F|  |TAMS 0x0000000087f00000, 0x0000000087f00000| Untracked 
|  46|0x0000000088000000, 0x0000000088000000, 0x0000000088100000|  0%| F|  |TAMS 0x0000000088000000, 0x0000000088000000| Untracked 
|  47|0x0000000088100000, 0x0000000088100000, 0x0000000088200000|  0%| F|  |TAMS 0x0000000088100000, 0x0000000088100000| Untracked 
|  48|0x0000000088200000, 0x0000000088200000, 0x0000000088300000|  0%| F|  |TAMS 0x0000000088200000, 0x0000000088200000| Untracked 
|  49|0x0000000088300000, 0x0000000088300000, 0x0000000088400000|  0%| F|  |TAMS 0x0000000088300000, 0x0000000088300000| Untracked 
|  50|0x0000000088400000, 0x0000000088400000, 0x0000000088500000|  0%| F|  |TAMS 0x0000000088400000, 0x0000000088400000| Untracked 
|  51|0x0000000088500000, 0x0000000088500000, 0x0000000088600000|  0%| F|  |TAMS 0x0000000088500000, 0x0000000088500000| Untracked 
|  52|0x0000000088600000, 0x0000000088600000, 0x0000000088700000|  0%| F|  |TAMS 0x0000000088600000, 0x0000000088600000| Untracked 
|  53|0x0000000088700000, 0x0000000088700000, 0x0000000088800000|  0%| F|  |TAMS 0x0000000088700000, 0x0000000088700000| Untracked 
|  54|0x0000000088800000, 0x0000000088800000, 0x0000000088900000|  0%| F|  |TAMS 0x0000000088800000, 0x0000000088800000| Untracked 
|  55|0x0000000088900000, 0x0000000088900000, 0x0000000088a00000|  0%| F|  |TAMS 0x0000000088900000, 0x0000000088900000| Untracked 
|  56|0x0000000088a00000, 0x0000000088a00000, 0x0000000088b00000|  0%| F|  |TAMS 0x0000000088a00000, 0x0000000088a00000| Untracked 
|  57|0x0000000088b00000, 0x0000000088b00000, 0x0000000088c00000|  0%| F|  |TAMS 0x0000000088b00000, 0x0000000088b00000| Untracked 
|  58|0x0000000088c00000, 0x0000000088c00000, 0x0000000088d00000|  0%| F|  |TAMS 0x0000000088c00000, 0x0000000088c00000| Untracked 
|  59|0x0000000088d00000, 0x0000000088d00000, 0x0000000088e00000|  0%| F|  |TAMS 0x0000000088d00000, 0x0000000088d00000| Untracked 
|  60|0x0000000088e00000, 0x0000000088e00000, 0x0000000088f00000|  0%| F|  |TAMS 0x0000000088e00000, 0x0000000088e00000| Untracked 
|  61|0x0000000088f00000, 0x0000000088f00000, 0x0000000089000000|  0%| F|  |TAMS 0x0000000088f00000, 0x0000000088f00000| Untracked 
|  62|0x0000000089000000, 0x0000000089000000, 0x0000000089100000|  0%| F|  |TAMS 0x0000000089000000, 0x0000000089000000| Untracked 
|  63|0x0000000089100000, 0x0000000089100000, 0x0000000089200000|  0%| F|  |TAMS 0x0000000089100000, 0x0000000089100000| Untracked 
|  64|0x0000000089200000, 0x0000000089200000, 0x0000000089300000|  0%| F|  |TAMS 0x0000000089200000, 0x0000000089200000| Untracked 
|  65|0x0000000089300000, 0x0000000089300000, 0x0000000089400000|  0%| F|  |TAMS 0x0000000089300000, 0x0000000089300000| Untracked 
|  66|0x0000000089400000, 0x0000000089400000, 0x0000000089500000|  0%| F|  |TAMS 0x0000000089400000, 0x0000000089400000| Untracked 
|  67|0x0000000089500000, 0x0000000089500000, 0x0000000089600000|  0%| F|  |TAMS 0x0000000089500000, 0x0000000089500000| Untracked 
|  68|0x0000000089600000, 0x0000000089600000, 0x0000000089700000|  0%| F|  |TAMS 0x0000000089600000, 0x0000000089600000| Untracked 
|  69|0x0000000089700000, 0x0000000089700000, 0x0000000089800000|  0%| F|  |TAMS 0x0000000089700000, 0x0000000089700000| Untracked 
|  70|0x0000000089800000, 0x0000000089800000, 0x0000000089900000|  0%| F|  |TAMS 0x0000000089800000, 0x0000000089800000| Untracked 
|  71|0x0000000089900000, 0x0000000089900000, 0x0000000089a00000|  0%| F|  |TAMS 0x0000000089900000, 0x0000000089900000| Untracked 
|  72|0x0000000089a00000, 0x0000000089a00000, 0x0000000089b00000|  0%| F|  |TAMS 0x0000000089a00000, 0x0000000089a00000| Untracked 
|  73|0x0000000089b00000, 0x0000000089b00000, 0x0000000089c00000|  0%| F|  |TAMS 0x0000000089b00000, 0x0000000089b00000| Untracked 
|  74|0x0000000089c00000, 0x0000000089c00000, 0x0000000089d00000|  0%| F|  |TAMS 0x0000000089c00000, 0x0000000089c00000| Untracked 
|  75|0x0000000089d00000, 0x0000000089d00000, 0x0000000089e00000|  0%| F|  |TAMS 0x0000000089d00000, 0x0000000089d00000| Untracked 
|  76|0x0000000089e00000, 0x0000000089e00000, 0x0000000089f00000|  0%| F|  |TAMS 0x0000000089e00000, 0x0000000089e00000| Untracked 
|  77|0x0000000089f00000, 0x0000000089f00000, 0x000000008a000000|  0%| F|  |TAMS 0x0000000089f00000, 0x0000000089f00000| Untracked 
|  78|0x000000008a000000, 0x000000008a000000, 0x000000008a100000|  0%| F|  |TAMS 0x000000008a000000, 0x000000008a000000| Untracked 
|  79|0x000000008a100000, 0x000000008a100000, 0x000000008a200000|  0%| F|  |TAMS 0x000000008a100000, 0x000000008a100000| Untracked 
|  80|0x000000008a200000, 0x000000008a200000, 0x000000008a300000|  0%| F|  |TAMS 0x000000008a200000, 0x000000008a200000| Untracked 
|  81|0x000000008a300000, 0x000000008a300000, 0x000000008a400000|  0%| F|  |TAMS 0x000000008a300000, 0x000000008a300000| Untracked 
|  82|0x000000008a400000, 0x000000008a400000, 0x000000008a500000|  0%| F|  |TAMS 0x000000008a400000, 0x000000008a400000| Untracked 
|  83|0x000000008a500000, 0x000000008a500000, 0x000000008a600000|  0%| F|  |TAMS 0x000000008a500000, 0x000000008a500000| Untracked 
|  84|0x000000008a600000, 0x000000008a600000, 0x000000008a700000|  0%| F|  |TAMS 0x000000008a600000, 0x000000008a600000| Untracked 
|  85|0x000000008a700000, 0x000000008a700000, 0x000000008a800000|  0%| F|  |TAMS 0x000000008a700000, 0x000000008a700000| Untracked 
|  86|0x000000008a800000, 0x000000008a800000, 0x000000008a900000|  0%| F|  |TAMS 0x000000008a800000, 0x000000008a800000| Untracked 
|  87|0x000000008a900000, 0x000000008a900000, 0x000000008aa00000|  0%| F|  |TAMS 0x000000008a900000, 0x000000008a900000| Untracked 
|  88|0x000000008aa00000, 0x000000008aa00000, 0x000000008ab00000|  0%| F|  |TAMS 0x000000008aa00000, 0x000000008aa00000| Untracked 
|  89|0x000000008ab00000, 0x000000008ab00000, 0x000000008ac00000|  0%| F|  |TAMS 0x000000008ab00000, 0x000000008ab00000| Untracked 
|  90|0x000000008ac00000, 0x000000008ac00000, 0x000000008ad00000|  0%| F|  |TAMS 0x000000008ac00000, 0x000000008ac00000| Untracked 
|  91|0x000000008ad00000, 0x000000008ad00000, 0x000000008ae00000|  0%| F|  |TAMS 0x000000008ad00000, 0x000000008ad00000| Untracked 
|  92|0x000000008ae00000, 0x000000008ae00000, 0x000000008af00000|  0%| F|  |TAMS 0x000000008ae00000, 0x000000008ae00000| Untracked 
|  93|0x000000008af00000, 0x000000008af00000, 0x000000008b000000|  0%| F|  |TAMS 0x000000008af00000, 0x000000008af00000| Untracked 
|  94|0x000000008b000000, 0x000000008b000000, 0x000000008b100000|  0%| F|  |TAMS 0x000000008b000000, 0x000000008b000000| Untracked 
|  95|0x000000008b100000, 0x000000008b100000, 0x000000008b200000|  0%| F|  |TAMS 0x000000008b100000, 0x000000008b100000| Untracked 
|  96|0x000000008b200000, 0x000000008b200000, 0x000000008b300000|  0%| F|  |TAMS 0x000000008b200000, 0x000000008b200000| Untracked 
|  97|0x000000008b300000, 0x000000008b300000, 0x000000008b400000|  0%| F|  |TAMS 0x000000008b300000, 0x000000008b300000| Untracked 
|  98|0x000000008b400000, 0x000000008b400000, 0x000000008b500000|  0%| F|  |TAMS 0x000000008b400000, 0x000000008b400000| Untracked 
|  99|0x000000008b500000, 0x000000008b500000, 0x000000008b600000|  0%| F|  |TAMS 0x000000008b500000, 0x000000008b500000| Untracked 
| 100|0x000000008b600000, 0x000000008b600000, 0x000000008b700000|  0%| F|  |TAMS 0x000000008b600000, 0x000000008b600000| Untracked 
| 101|0x000000008b700000, 0x000000008b700000, 0x000000008b800000|  0%| F|  |TAMS 0x000000008b700000, 0x000000008b700000| Untracked 
| 102|0x000000008b800000, 0x000000008b800000, 0x000000008b900000|  0%| F|  |TAMS 0x000000008b800000, 0x000000008b800000| Untracked 
| 103|0x000000008b900000, 0x000000008b900000, 0x000000008ba00000|  0%| F|  |TAMS 0x000000008b900000, 0x000000008b900000| Untracked 
| 104|0x000000008ba00000, 0x000000008ba00000, 0x000000008bb00000|  0%| F|  |TAMS 0x000000008ba00000, 0x000000008ba00000| Untracked 
| 105|0x000000008bb00000, 0x000000008bb00000, 0x000000008bc00000|  0%| F|  |TAMS 0x000000008bb00000, 0x000000008bb00000| Untracked 
| 106|0x000000008bc00000, 0x000000008bc00000, 0x000000008bd00000|  0%| F|  |TAMS 0x000000008bc00000, 0x000000008bc00000| Untracked 
| 107|0x000000008bd00000, 0x000000008bd00000, 0x000000008be00000|  0%| F|  |TAMS 0x000000008bd00000, 0x000000008bd00000| Untracked 
| 108|0x000000008be00000, 0x000000008be00000, 0x000000008bf00000|  0%| F|  |TAMS 0x000000008be00000, 0x000000008be00000| Untracked 
| 109|0x000000008bf00000, 0x000000008bf00000, 0x000000008c000000|  0%| F|  |TAMS 0x000000008bf00000, 0x000000008bf00000| Untracked 
| 110|0x000000008c000000, 0x000000008c000000, 0x000000008c100000|  0%| F|  |TAMS 0x000000008c000000, 0x000000008c000000| Untracked 
| 111|0x000000008c100000, 0x000000008c100000, 0x000000008c200000|  0%| F|  |TAMS 0x000000008c100000, 0x000000008c100000| Untracked 
| 112|0x000000008c200000, 0x000000008c300000, 0x000000008c300000|100%| S|  |TAMS 0x000000008c200000, 0x000000008c200000| Complete 
| 113|0x000000008c300000, 0x000000008c400000, 0x000000008c400000|100%| S|  |TAMS 0x000000008c300000, 0x000000008c300000| Complete 
| 114|0x000000008c400000, 0x000000008c500000, 0x000000008c500000|100%| S|  |TAMS 0x000000008c400000, 0x000000008c400000| Complete 
| 115|0x000000008c500000, 0x000000008c600000, 0x000000008c600000|100%| S|  |TAMS 0x000000008c500000, 0x000000008c500000| Complete 
| 116|0x000000008c600000, 0x000000008c700000, 0x000000008c700000|100%| S|  |TAMS 0x000000008c600000, 0x000000008c600000| Complete 
| 117|0x000000008c700000, 0x000000008c800000, 0x000000008c800000|100%| E|CS|TAMS 0x000000008c700000, 0x000000008c700000| Complete 
| 118|0x000000008c800000, 0x000000008c900000, 0x000000008c900000|100%| E|CS|TAMS 0x000000008c800000, 0x000000008c800000| Complete 
| 119|0x000000008c900000, 0x000000008ca00000, 0x000000008ca00000|100%| E|CS|TAMS 0x000000008c900000, 0x000000008c900000| Complete 
| 120|0x000000008ca00000, 0x000000008cb00000, 0x000000008cb00000|100%| E|CS|TAMS 0x000000008ca00000, 0x000000008ca00000| Complete 
| 121|0x000000008cb00000, 0x000000008cc00000, 0x000000008cc00000|100%| E|CS|TAMS 0x000000008cb00000, 0x000000008cb00000| Complete 
| 122|0x000000008cc00000, 0x000000008cd00000, 0x000000008cd00000|100%| E|CS|TAMS 0x000000008cc00000, 0x000000008cc00000| Complete 
| 123|0x000000008cd00000, 0x000000008ce00000, 0x000000008ce00000|100%| E|CS|TAMS 0x000000008cd00000, 0x000000008cd00000| Complete 
| 124|0x000000008ce00000, 0x000000008cf00000, 0x000000008cf00000|100%| E|CS|TAMS 0x000000008ce00000, 0x000000008ce00000| Complete 
| 125|0x000000008cf00000, 0x000000008d000000, 0x000000008d000000|100%| E|CS|TAMS 0x000000008cf00000, 0x000000008cf00000| Complete 
| 126|0x000000008d000000, 0x000000008d100000, 0x000000008d100000|100%| E|CS|TAMS 0x000000008d000000, 0x000000008d000000| Complete 
| 127|0x000000008d100000, 0x000000008d200000, 0x000000008d200000|100%| E|CS|TAMS 0x000000008d100000, 0x000000008d100000| Complete 
| 128|0x000000008d200000, 0x000000008d300000, 0x000000008d300000|100%| E|CS|TAMS 0x000000008d200000, 0x000000008d200000| Complete 
| 129|0x000000008d300000, 0x000000008d400000, 0x000000008d400000|100%| E|CS|TAMS 0x000000008d300000, 0x000000008d300000| Complete 
| 130|0x000000008d400000, 0x000000008d500000, 0x000000008d500000|100%| E|CS|TAMS 0x000000008d400000, 0x000000008d400000| Complete 
| 131|0x000000008d500000, 0x000000008d600000, 0x000000008d600000|100%| E|CS|TAMS 0x000000008d500000, 0x000000008d500000| Complete 
| 132|0x000000008d600000, 0x000000008d700000, 0x000000008d700000|100%| E|CS|TAMS 0x000000008d600000, 0x000000008d600000| Complete 
| 133|0x000000008d700000, 0x000000008d800000, 0x000000008d800000|100%| E|CS|TAMS 0x000000008d700000, 0x000000008d700000| Complete 
| 134|0x000000008d800000, 0x000000008d900000, 0x000000008d900000|100%| E|CS|TAMS 0x000000008d800000, 0x000000008d800000| Complete 
| 135|0x000000008d900000, 0x000000008da00000, 0x000000008da00000|100%| E|CS|TAMS 0x000000008d900000, 0x000000008d900000| Complete 
| 136|0x000000008da00000, 0x000000008db00000, 0x000000008db00000|100%| E|CS|TAMS 0x000000008da00000, 0x000000008da00000| Complete 
| 137|0x000000008db00000, 0x000000008dc00000, 0x000000008dc00000|100%| E|CS|TAMS 0x000000008db00000, 0x000000008db00000| Complete 
| 138|0x000000008dc00000, 0x000000008dd00000, 0x000000008dd00000|100%| E|CS|TAMS 0x000000008dc00000, 0x000000008dc00000| Complete 
| 139|0x000000008dd00000, 0x000000008de00000, 0x000000008de00000|100%| E|CS|TAMS 0x000000008dd00000, 0x000000008dd00000| Complete 
| 140|0x000000008de00000, 0x000000008df00000, 0x000000008df00000|100%| E|CS|TAMS 0x000000008de00000, 0x000000008de00000| Complete 
| 141|0x000000008df00000, 0x000000008e000000, 0x000000008e000000|100%| E|CS|TAMS 0x000000008df00000, 0x000000008df00000| Complete 
| 142|0x000000008e000000, 0x000000008e100000, 0x000000008e100000|100%| E|CS|TAMS 0x000000008e000000, 0x000000008e000000| Complete 
| 143|0x000000008e100000, 0x000000008e200000, 0x000000008e200000|100%| E|CS|TAMS 0x000000008e100000, 0x000000008e100000| Complete 
| 144|0x000000008e200000, 0x000000008e300000, 0x000000008e300000|100%| E|CS|TAMS 0x000000008e200000, 0x000000008e200000| Complete 
| 145|0x000000008e300000, 0x000000008e400000, 0x000000008e400000|100%| E|CS|TAMS 0x000000008e300000, 0x000000008e300000| Complete 
| 146|0x000000008e400000, 0x000000008e500000, 0x000000008e500000|100%| E|CS|TAMS 0x000000008e400000, 0x000000008e400000| Complete 
| 147|0x000000008e500000, 0x000000008e600000, 0x000000008e600000|100%| E|CS|TAMS 0x000000008e500000, 0x000000008e500000| Complete 
| 148|0x000000008e600000, 0x000000008e700000, 0x000000008e700000|100%| E|CS|TAMS 0x000000008e600000, 0x000000008e600000| Complete 
| 149|0x000000008e700000, 0x000000008e800000, 0x000000008e800000|100%| E|CS|TAMS 0x000000008e700000, 0x000000008e700000| Complete 
| 150|0x000000008e800000, 0x000000008e900000, 0x000000008e900000|100%| E|CS|TAMS 0x000000008e800000, 0x000000008e800000| Complete 
| 151|0x000000008e900000, 0x000000008ea00000, 0x000000008ea00000|100%| E|CS|TAMS 0x000000008e900000, 0x000000008e900000| Complete 
| 152|0x000000008ea00000, 0x000000008eb00000, 0x000000008eb00000|100%| E|CS|TAMS 0x000000008ea00000, 0x000000008ea00000| Complete 
| 153|0x000000008eb00000, 0x000000008ec00000, 0x000000008ec00000|100%| E|CS|TAMS 0x000000008eb00000, 0x000000008eb00000| Complete 
| 154|0x000000008ec00000, 0x000000008ed00000, 0x000000008ed00000|100%| E|CS|TAMS 0x000000008ec00000, 0x000000008ec00000| Complete 
|1964|0x00000000ffe00000, 0x00000000ffe48000, 0x00000000fff00000| 28%|OA|  |TAMS 0x00000000ffe00000, 0x00000000ffe00000| Untracked 
|1965|0x00000000fff00000, 0x00000000fff6b000, 0x0000000100000000| 41%|CA|  |TAMS 0x00000000fff00000, 0x00000000fff00000| Untracked 

Card table byte_map: [0x00007f3adedb7000,0x00007f3adf18e000] _byte_map_base: 0x00007f3ade98e000

Marking Bits (Prev, Next): (CMBitMap*) 0x00007f3ad8057588, (CMBitMap*) 0x00007f3ad80575c0
 Prev Bits: [0x00007f3adcb28000, 0x00007f3ade9e0000)
 Next Bits: [0x00007f3aba148000, 0x00007f3abc000000)

Polling page: 0x00007f3adfc62000

Metaspace:

Usage:
  Non-class:     11.85 MB capacity,    11.61 MB ( 98%) used,   212.20 KB (  2%) free+waste,    36.31 KB ( <1%) overhead. 
      Class:      1.58 MB capacity,     1.45 MB ( 92%) used,   116.36 KB (  7%) free+waste,    18.12 KB (  1%) overhead. 
       Both:     13.43 MB capacity,    13.05 MB ( 97%) used,   328.56 KB (  2%) free+waste,    54.44 KB ( <1%) overhead. 

Virtual space:
  Non-class space:       12.00 MB reserved,      12.00 MB (100%) committed 
      Class space:        1.00 GB reserved,       1.62 MB ( <1%) committed 
             Both:        1.01 GB reserved,      13.62 MB (  1%) committed 

Chunk freelists:
   Non-Class:  42.00 KB
       Class:  17.00 KB
        Both:  59.00 KB

MaxMetaspaceSize: unlimited
CompressedClassSpaceSize: 1.00 GB
Initial GC threshold: 20.80 MB
Current GC threshold: 20.80 MB
CDS: on

CodeHeap 'non-profiled nmethods': size=120032Kb used=896Kb max_used=896Kb free=119135Kb
 bounds [0x00007f3ac82d9000, 0x00007f3ac8549000, 0x00007f3acf811000]
CodeHeap 'profiled nmethods': size=120032Kb used=3920Kb max_used=3920Kb free=116112Kb
 bounds [0x00007f3ac0da1000, 0x00007f3ac1181000, 0x00007f3ac82d9000]
CodeHeap 'non-nmethods': size=5696Kb used=1210Kb max_used=1230Kb free=4485Kb
 bounds [0x00007f3ac0811000, 0x00007f3ac0a81000, 0x00007f3ac0da1000]
 total_blobs=2401 nmethods=1921 adapters=393
 compilation: enabled
              stopped_count=0, restarted_count=0
 full_count=0

Compilation events (20 events):
Event: 4.811 Thread 0x00007f3ad811e800 1940       2       java.io.Reader::read (35 bytes)
Event: 4.811 Thread 0x00007f3ad811e800 nmethod 1940 0x00007f3ac1172510 code [0x00007f3ac11726e0, 0x00007f3ac1172930]
Event: 4.813 Thread 0x00007f3ad811e800 1941       2       java.nio.HeapCharBuffer::put (59 bytes)
Event: 4.814 Thread 0x00007f3ad811e800 nmethod 1941 0x00007f3ac1172a90 code [0x00007f3ac1172c80, 0x00007f3ac1173050]
Event: 4.816 Thread 0x00007f3ad811e800 1942       2       java.util.Scanner::makeSpace (133 bytes)
Event: 4.817 Thread 0x00007f3ad811e800 nmethod 1942 0x00007f3ac1173290 code [0x00007f3ac11734a0, 0x00007f3ac1173a90]
Event: 4.817 Thread 0x00007f3ad811e800 1943       2       java.nio.HeapCharBuffer::compact (85 bytes)
Event: 4.817 Thread 0x00007f3ad811e800 nmethod 1943 0x00007f3ac1173d10 code [0x00007f3ac1173ee0, 0x00007f3ac1174120]
Event: 4.817 Thread 0x00007f3ad811e800 1944       2       java.util.Scanner::translateSavedIndexes (19 bytes)
Event: 4.817 Thread 0x00007f3ad811e800 nmethod 1944 0x00007f3ac1174210 code [0x00007f3ac11743c0, 0x00007f3ac11744f0]
Event: 4.832 Thread 0x00007f3ad811e800 1945   !   2       java.util.Scanner::readInput (136 bytes)
Event: 4.833 Thread 0x00007f3ad811e800 nmethod 1945 0x00007f3ac1174590 code [0x00007f3ac11747a0, 0x00007f3ac1174a90]
Event: 4.833 Thread 0x00007f3ad811e800 1946       2       java.io.FileInputStream::available (5 bytes)
Event: 4.833 Thread 0x00007f3ad811e800 nmethod 1946 0x00007f3ac1174c90 code [0x00007f3ac1174e40, 0x00007f3ac1174f60]
Event: 4.880 Thread 0x00007f3ad811c800 nmethod 1932 0x00007f3ac83b5910 code [0x00007f3ac83b5b80, 0x00007f3ac83b7e18]
Event: 4.881 Thread 0x00007f3ad811c800 1936       4       java.lang.StringLatin1::trim (76 bytes)
Event: 4.883 Thread 0x00007f3ad811c800 nmethod 1936 0x00007f3ac83b8990 code [0x00007f3ac83b8b40, 0x00007f3ac83b8c48]
Event: 4.883 Thread 0x00007f3ad811c800 1937       4       java.lang.String::trim (35 bytes)
Event: 4.886 Thread 0x00007f3ad811c800 nmethod 1937 0x00007f3ac83b8d90 code [0x00007f3ac83b8f40, 0x00007f3ac83b9128]
Event: 4.886 Thread 0x00007f3ad811c800 1925       4       java.util.HashMap::computeIfAbsent (330 bytes)

GC Heap History (13 events):
Event: 1.306 GC heap before
{Heap before GC invocations=0 (full 0):
 garbage-first heap   total 129024K, used 14028K [0x0000000085200000, 0x0000000100000000)
  region size 1024K, 14 young (14336K), 0 survivors (0K)
 Metaspace       used 3528K, capacity 5502K, committed 5760K, reserved 1056768K
  class space    used 392K, capacity 601K, committed 640K, reserved 1048576K
}
Event: 1.313 GC heap after
{Heap after GC invocations=1 (full 0):
 garbage-first heap   total 129024K, used 5933K [0x0000000085200000, 0x0000000100000000)
  region size 1024K, 2 young (2048K), 2 survivors (2048K)
 Metaspace       used 3528K, capacity 5502K, committed 5760K, reserved 1056768K
  class space    used 392K, capacity 601K, committed 640K, reserved 1048576K
}
Event: 1.732 GC heap before
{Heap before GC invocations=1 (full 0):
 garbage-first heap   total 129024K, used 16173K [0x0000000085200000, 0x0000000100000000)
  region size 1024K, 12 young (12288K), 2 survivors (2048K)
 Metaspace       used 7551K, capacity 7778K, committed 7936K, reserved 1056768K
  class space    used 848K, capacity 943K, committed 1024K, reserved 1048576K
}
Event: 1.739 GC heap after
{Heap after GC invocations=2 (full 0):
 garbage-first heap   total 129024K, used 7158K [0x0000000085200000, 0x0000000100000000)
  region size 1024K, 2 young (2048K), 2 survivors (2048K)
 Metaspace       used 7551K, capacity 7778K, committed 7936K, reserved 1056768K
  class space    used 848K, capacity 943K, committed 1024K, reserved 1048576K
}
Event: 2.136 GC heap before
{Heap before GC invocations=2 (full 0):
 garbage-first heap   total 129024K, used 34806K [0x0000000085200000, 0x0000000100000000)
  region size 1024K, 30 young (30720K), 2 survivors (2048K)
 Metaspace       used 8822K, capacity 9004K, committed 9088K, reserved 1056768K
  class space    used 995K, capacity 1075K, committed 1152K, reserved 1048576K
}
Event: 2.145 GC heap after
{Heap after GC invocations=3 (full 0):
 garbage-first heap   total 129024K, used 10551K [0x0000000085200000, 0x0000000100000000)
  region size 1024K, 4 young (4096K), 4 survivors (4096K)
 Metaspace       used 8822K, capacity 9004K, committed 9088K, reserved 1056768K
  class space    used 995K, capacity 1075K, committed 1152K, reserved 1048576K
}
Event: 3.004 GC heap before
{Heap before GC invocations=3 (full 0):
 garbage-first heap   total 129024K, used 70967K [0x0000000085200000, 0x0000000100000000)
  region size 1024K, 64 young (65536K), 4 survivors (4096K)
 Metaspace       used 9099K, capacity 9292K, committed 9344K, reserved 1056768K
  class space    used 1031K, capacity 1107K, committed 1152K, reserved 1048576K
}
Event: 3.050 GC heap after
{Heap after GC invocations=4 (full 0):
 garbage-first heap   total 129024K, used 27300K [0x0000000085200000, 0x0000000100000000)
  region size 1024K, 8 young (8192K), 8 survivors (8192K)
 Metaspace       used 9099K, capacity 9292K, committed 9344K, reserved 1056768K
  class space    used 1031K, capacity 1107K, committed 1152K, reserved 1048576K
}
Event: 3.367 GC heap before
{Heap before GC invocations=4 (full 0):
 garbage-first heap   total 129024K, used 32420K [0x0000000085200000, 0x0000000100000000)
  region size 1024K, 13 young (13312K), 8 survivors (8192K)
 Metaspace       used 9964K, capacity 10208K, committed 10496K, reserved 1058816K
  class space    used 1140K, capacity 1244K, committed 1280K, reserved 1048576K
}
Event: 3.418 GC heap after
{Heap after GC invocations=5 (full 0):
 garbage-first heap   total 160768K, used 31344K [0x0000000085200000, 0x0000000100000000)
  region size 1024K, 2 young (2048K), 2 survivors (2048K)
 Metaspace       used 9964K, capacity 10208K, committed 10496K, reserved 1058816K
  class space    used 1140K, capacity 1244K, committed 1280K, reserved 1048576K
}
Event: 4.572 GC heap before
{Heap before GC invocations=5 (full 0):
 garbage-first heap   total 160768K, used 63088K [0x0000000085200000, 0x0000000100000000)
  region size 1024K, 30 young (30720K), 2 survivors (2048K)
 Metaspace       used 13340K, capacity 13685K, committed 13952K, reserved 1060864K
  class space    used 1480K, capacity 1615K, committed 1664K, reserved 1048576K
}
Event: 4.601 GC heap after
{Heap after GC invocations=6 (full 0):
 garbage-first heap   total 160768K, used 41120K [0x0000000085200000, 0x0000000100000000)
  region size 1024K, 4 young (4096K), 4 survivors (4096K)
 Metaspace       used 13340K, capacity 13685K, committed 13952K, reserved 1060864K
  class space    used 1480K, capacity 1615K, committed 1664K, reserved 1048576K
}
Event: 4.888 GC heap before
{Heap before GC invocations=6 (full 0):
 garbage-first heap   total 160768K, used 75936K [0x0000000085200000, 0x0000000100000000)
  region size 1024K, 38 young (38912K), 4 survivors (4096K)
 Metaspace       used 13366K, capacity 13749K, committed 13952K, reserved 1060864K
  class space    used 1480K, capacity 1615K, committed 1664K, reserved 1048576K
}

Deoptimization events (20 events):
Event: 4.572 Thread 0x00007f3a4c036000 Uncommon trap: trap_request=0xffffff4d fr.pc=0x00007f3ac839aafc relative=0x00000000000000bc
Event: 4.572 Thread 0x00007f3a4c036000 Uncommon trap: reason=unstable_if action=reinterpret pc=0x00007f3ac839aafc method=java.lang.StringLatin1.trim([B)Ljava/lang/String; @ 7 c2
Event: 4.572 Thread 0x00007f3a4c036000 DEOPT PACKING pc=0x00007f3ac839aafc sp=0x00007f3aa19097d0
Event: 4.572 Thread 0x00007f3a4c036000 DEOPT UNPACKING pc=0x00007f3ac085aea5 sp=0x00007f3aa1909778 mode 2
Event: 4.764 Thread 0x00007f3a4c036000 Uncommon trap: trap_request=0xffffffbe fr.pc=0x00007f3ac83b3450 relative=0x00000000000018f0
Event: 4.764 Thread 0x00007f3a4c036000 Uncommon trap: reason=profile_predicate action=maybe_recompile pc=0x00007f3ac83b3450 method=java.util.regex.Pattern$CharPropertyGreedy.match(Ljava/util/regex/Matcher;ILjava/lang/CharSequence;)Z @ 12 c2
Event: 4.764 Thread 0x00007f3a4c036000 DEOPT PACKING pc=0x00007f3ac83b3450 sp=0x00007f3aa19094f0
Event: 4.764 Thread 0x00007f3a4c036000 DEOPT UNPACKING pc=0x00007f3ac085aea5 sp=0x00007f3aa19094b0 mode 2
Event: 4.764 Thread 0x00007f3a4c036000 Uncommon trap: trap_request=0xffffffbe fr.pc=0x00007f3ac83b3450 relative=0x00000000000018f0
Event: 4.764 Thread 0x00007f3a4c036000 Uncommon trap: reason=profile_predicate action=maybe_recompile pc=0x00007f3ac83b3450 method=java.util.regex.Pattern$CharPropertyGreedy.match(Ljava/util/regex/Matcher;ILjava/lang/CharSequence;)Z @ 12 c2
Event: 4.764 Thread 0x00007f3a4c036000 DEOPT PACKING pc=0x00007f3ac83b3450 sp=0x00007f3aa19094f0
Event: 4.764 Thread 0x00007f3a4c036000 DEOPT UNPACKING pc=0x00007f3ac085aea5 sp=0x00007f3aa19094b0 mode 2
Event: 4.764 Thread 0x00007f3a4c036000 Uncommon trap: trap_request=0xffffffbe fr.pc=0x00007f3ac83b3450 relative=0x00000000000018f0
Event: 4.764 Thread 0x00007f3a4c036000 Uncommon trap: reason=profile_predicate action=maybe_recompile pc=0x00007f3ac83b3450 method=java.util.regex.Pattern$CharPropertyGreedy.match(Ljava/util/regex/Matcher;ILjava/lang/CharSequence;)Z @ 12 c2
Event: 4.764 Thread 0x00007f3a4c036000 DEOPT PACKING pc=0x00007f3ac83b3450 sp=0x00007f3aa19094f0
Event: 4.764 Thread 0x00007f3a4c036000 DEOPT UNPACKING pc=0x00007f3ac085aea5 sp=0x00007f3aa19094b0 mode 2
Event: 4.764 Thread 0x00007f3a4c036000 Uncommon trap: trap_request=0xffffffbe fr.pc=0x00007f3ac83b3450 relative=0x00000000000018f0
Event: 4.764 Thread 0x00007f3a4c036000 Uncommon trap: reason=profile_predicate action=maybe_recompile pc=0x00007f3ac83b3450 method=java.util.regex.Pattern$CharPropertyGreedy.match(Ljava/util/regex/Matcher;ILjava/lang/CharSequence;)Z @ 12 c2
Event: 4.764 Thread 0x00007f3a4c036000 DEOPT PACKING pc=0x00007f3ac83b3450 sp=0x00007f3aa19094f0
Event: 4.764 Thread 0x00007f3a4c036000 DEOPT UNPACKING pc=0x00007f3ac085aea5 sp=0x00007f3aa19094b0 mode 2

Classes redefined (0 events):
No events

Internal exceptions (20 events):
Event: 0.501 Thread 0x00007f3ad8015800 Exception <a 'java/security/PrivilegedActionException'{0x000000008c931570}> (0x000000008c931570) thrown at [./src/hotspot/share/prims/jvm.cpp, line 1304]
Event: 0.501 Thread 0x00007f3ad8015800 Exception <a 'java/security/PrivilegedActionException'{0x000000008c931840}> (0x000000008c931840) thrown at [./src/hotspot/share/prims/jvm.cpp, line 1304]
Event: 0.875 Thread 0x00007f3ad8015800 Exception <a 'java/lang/ClassNotFoundException'{0x000000008c6b50d8}: javax/smartcardio/CardPermission> (0x000000008c6b50d8) thrown at [./src/hotspot/share/classfile/systemDictionary.cpp, line 230]
Event: 0.884 Thread 0x00007f3ad8015800 Exception <a 'java/io/FileNotFoundException'{0x000000008c6c2160}> (0x000000008c6c2160) thrown at [./src/hotspot/share/prims/jni.cpp, line 617]
Event: 1.113 Thread 0x00007f3ad8015800 Exception <a 'java/lang/NoSuchMethodError'{0x000000008c4dce80}: 'java.lang.Object java.lang.invoke.DirectMethodHandle$Holder.invokeStatic(java.lang.Object, java.lang.Object, java.lang.Object, java.lang.Object, java.lang.Object, java.lang.Object, java.lang.Object, java.lang.Object, java.lang.Object, java.lang.Object, java.lang.Object, java.lang.Object, java.lang.Object, java.lang.Object, java.lang.Object)'> (0x000000008c4dce80) thrown at [./src/hotspot/share/interpreter/linkResolver.cpp, line 772]
Event: 1.117 Thread 0x00007f3ad8015800 Exception <a 'java/lang/NoSuchMethodError'{0x000000008c4eadd8}: 'java.lang.Object java.lang.invoke.DirectMethodHandle$Holder.invokeStatic(java.lang.Object, java.lang.Object, java.lang.Object, java.lang.Object, java.lang.Object, java.lang.Object, java.lang.Object, java.lang.Object, java.lang.Object, java.lang.Object, java.lang.Object, java.lang.Object, java.lang.Object, java.lang.Object, java.lang.Object, java.lang.Object)'> (0x000000008c4eadd8) thrown at [./src/hotspot/share/interpreter/linkResolver.cpp, l
Event: 1.123 Thread 0x00007f3ad8015800 Exception <a 'java/lang/NoSuchMethodError'{0x000000008c4f9ed8}: 'java.lang.Object java.lang.invoke.DirectMethodHandle$Holder.invokeSpecial(java.lang.Object, java.lang.Object, int, int, java.lang.Object, java.lang.Object, java.lang.Object)'> (0x000000008c4f9ed8) thrown at [./src/hotspot/share/interpreter/linkResolver.cpp, line 772]
Event: 1.124 Thread 0x00007f3ad8015800 Exception <a 'java/lang/NoSuchMethodError'{0x000000008c4fd468}: 'java.lang.Object java.lang.invoke.DelegatingMethodHandle$Holder.reinvoke_L(java.lang.Object, int, int, java.lang.Object, java.lang.Object, java.lang.Object)'> (0x000000008c4fd468) thrown at [./src/hotspot/share/interpreter/linkResolver.cpp, line 772]
Event: 1.125 Thread 0x00007f3ad8015800 Exception <a 'java/lang/NoSuchMethodError'{0x000000008c301fb8}: 'java.lang.Object java.lang.invoke.DirectMethodHandle$Holder.invokeStatic(java.lang.Object, java.lang.Object, java.lang.Object, java.lang.Object, int)'> (0x000000008c301fb8) thrown at [./src/hotspot/share/interpreter/linkResolver.cpp, line 772]
Event: 1.396 Thread 0x00007f3ad8015800 Exception <a 'java/lang/NoSuchMethodError'{0x000000008cb46640}: 'int java.lang.invoke.DirectMethodHandle$Holder.invokeSpecialIFC(java.lang.Object, java.lang.Object, int)'> (0x000000008cb46640) thrown at [./src/hotspot/share/interpreter/linkResolver.cpp, line 772]
Event: 1.492 Thread 0x00007f3ad8015800 Exception <a 'java/lang/NoSuchMethodError'{0x000000008c9ee0f0}: 'org.slf4j.impl.StaticMDCBinder org.slf4j.impl.StaticMDCBinder.getSingleton()'> (0x000000008c9ee0f0) thrown at [./src/hotspot/share/interpreter/linkResolver.cpp, line 772]
Event: 1.501 Thread 0x00007f3ad8015800 Exception <a 'java/lang/NoClassDefFoundError'{0x000000008c83fc78}: io/opentelemetry/api/trace/Span> (0x000000008c83fc78) thrown at [./src/hotspot/share/classfile/systemDictionary.cpp, line 219]
Event: 1.502 Thread 0x00007f3ad8015800 Exception <a 'java/lang/NoClassDefFoundError'{0x000000008c8516f8}: io/opentelemetry/javaagent/shaded/io/opentelemetry/api/trace/Span> (0x000000008c8516f8) thrown at [./src/hotspot/share/classfile/systemDictionary.cpp, line 219]
Event: 1.532 Thread 0x00007f3ad8015800 Exception <a 'java/lang/NoSuchMethodError'{0x000000008c8a6b90}: 'org.slf4j.impl.StaticMarkerBinder org.slf4j.impl.StaticMarkerBinder.getSingleton()'> (0x000000008c8a6b90) thrown at [./src/hotspot/share/interpreter/linkResolver.cpp, line 772]
Event: 1.578 Thread 0x00007f3ad8015800 Exception <a 'java/lang/NoClassDefFoundError'{0x000000008c6bfdf8}: org/apache/log4j/Priority> (0x000000008c6bfdf8) thrown at [./src/hotspot/share/classfile/systemDictionary.cpp, line 219]
Event: 1.642 Thread 0x00007f3ad8015800 Exception <a 'java/lang/ClassNotFoundException'{0x000000008c593c10}: com/sun/org/apache/xerces/internal/impl/xpath/regex/spi/messageProvider> (0x000000008c593c10) thrown at [./src/hotspot/share/classfile/systemDictionary.cpp, line 230]
Event: 3.261 Thread 0x00007f3ad8015800 Exception <a 'java/lang/NoSuchMethodError'{0x000000008c911850}: 'java.lang.Object java.lang.invoke.DirectMethodHandle$Holder.invokeStatic(java.lang.Object, java.lang.Object, java.lang.Object, java.lang.Object, java.lang.Object, java.lang.Object, java.lang.Object, java.lang.Object, java.lang.Object, java.lang.Object, java.lang.Object, java.lang.Object, java.lang.Object, int)'> (0x000000008c911850) thrown at [./src/hotspot/share/interpreter/linkResolver.cpp, line 772]
Event: 3.265 Thread 0x00007f3ad8015800 Exception <a 'java/lang/NoSuchMethodError'{0x000000008c91dfa0}: 'java.lang.Object java.lang.invoke.DirectMethodHandle$Holder.invokeStatic(java.lang.Object, java.lang.Object, java.lang.Object, java.lang.Object, java.lang.Object, java.lang.Object, java.lang.Object, java.lang.Object, java.lang.Object, java.lang.Object, java.lang.Object, java.lang.Object, java.lang.Object, int, int)'> (0x000000008c91dfa0) thrown at [./src/hotspot/share/interpreter/linkResolver.cpp, line 772]
Event: 3.629 Thread 0x00007f3a5c006000 Exception <a 'java/lang/NoSuchMethodError'{0x000000008e9c06a8}: 'java.lang.Object java.lang.invoke.DelegatingMethodHandle$Holder.reinvoke_L(java.lang.Object, int, java.lang.Object)'> (0x000000008e9c06a8) thrown at [./src/hotspot/share/interpreter/linkResolver.cpp, line 772]
Event: 3.924 Thread 0x00007f3a5c009800 Exception <a 'java/lang/NoSuchMethodError'{0x000000008e67ef08}: 'java.lang.Object java.lang.invoke.DirectMethodHandle$Holder.invokeStatic(java.lang.Object, java.lang.Object, java.lang.Object, int, java.lang.Object, java.lang.Object, java.lang.Object, java.lang.Object, java.lang.Object, java.lang.Object, java.lang.Object, java.lang.Object, java.lang.Object, java.lang.Object)'> (0x000000008e67ef08) thrown at [./src/hotspot/share/interpreter/linkResolver.cpp, line 772]

Events (20 events):
Event: 4.520 Executing VM operation: ThreadDump done
Event: 4.522 Executing VM operation: RevokeBias
Event: 4.523 Executing VM operation: RevokeBias done
Event: 4.523 Executing VM operation: RevokeBias
Event: 4.523 Executing VM operation: RevokeBias done
Event: 4.523 Executing VM operation: RevokeBias
Event: 4.523 Executing VM operation: RevokeBias done
Event: 4.555 loading class org/languagetool/synthesis/ManualSynthesizer
Event: 4.555 loading class org/languagetool/synthesis/ManualSynthesizer done
Event: 4.557 loading class org/languagetool/tools/MostlySingularMultiMap
Event: 4.557 loading class org/languagetool/tools/MostlySingularMultiMap done
Event: 4.570 loading class org/languagetool/tagging/TaggedWord
Event: 4.570 loading class org/languagetool/tagging/TaggedWord done
Event: 4.571 loading class org/languagetool/tagging/TaggedWord
Event: 4.571 loading class org/languagetool/tagging/TaggedWord done
Event: 4.571 loading class org/languagetool/tagging/TaggedWord
Event: 4.571 loading class org/languagetool/tagging/TaggedWord done
Event: 4.572 Executing VM operation: G1CollectForAllocation
Event: 4.601 Executing VM operation: G1CollectForAllocation done
Event: 4.888 Executing VM operation: G1CollectForAllocation


Dynamic libraries:
85200000-8ed00000 rw-p 00000000 00:00 0 
8ed00000-ffe00000 ---p 00000000 00:00 0 
ffe00000-ffe48000 rw-p 00b0a000 08:11 7998395                            /usr/lib/jvm/java-11-openjdk-amd64/lib/server/classes.jsa
ffe48000-fff00000 rw-p 00000000 00:00 0 
fff00000-fff6b000 rw-p 00a9f000 08:11 7998395                            /usr/lib/jvm/java-11-openjdk-amd64/lib/server/classes.jsa
fff6b000-100000000 rw-p 00000000 00:00 0 
800000000-800002000 rwxp 00001000 08:11 7998395                          /usr/lib/jvm/java-11-openjdk-amd64/lib/server/classes.jsa
800002000-8003cc000 rw-p 00003000 08:11 7998395                          /usr/lib/jvm/java-11-openjdk-amd64/lib/server/classes.jsa
8003cc000-800a9d000 r--p 003cd000 08:11 7998395                          /usr/lib/jvm/java-11-openjdk-amd64/lib/server/classes.jsa
800a9d000-800a9e000 rw-p 00a9e000 08:11 7998395                          /usr/lib/jvm/java-11-openjdk-amd64/lib/server/classes.jsa
840000000-8401a0000 rw-p 00000000 00:00 0 
8401a0000-880000000 ---p 00000000 00:00 0 
55692bca6000-55692bca7000 r--p 00000000 08:11 4984777                    /usr/lib/jvm/java-11-openjdk-amd64/bin/java
55692bca7000-55692bca8000 r-xp 00001000 08:11 4984777                    /usr/lib/jvm/java-11-openjdk-amd64/bin/java
55692bca8000-55692bca9000 r--p 00002000 08:11 4984777                    /usr/lib/jvm/java-11-openjdk-amd64/bin/java
55692bca9000-55692bcaa000 r--p 00002000 08:11 4984777                    /usr/lib/jvm/java-11-openjdk-amd64/bin/java
55692bcaa000-55692bcab000 rw-p 00003000 08:11 4984777                    /usr/lib/jvm/java-11-openjdk-amd64/bin/java
55692d935000-55692d956000 rw-p 00000000 00:00 0                          [heap]
7f3a40000000-7f3a400ab000 rw-p 00000000 00:00 0 
7f3a400ab000-7f3a44000000 ---p 00000000 00:00 0 
7f3a48000000-7f3a48021000 rw-p 00000000 00:00 0 
7f3a48021000-7f3a4c000000 ---p 00000000 00:00 0 
7f3a4c000000-7f3a4c03b000 rw-p 00000000 00:00 0 
7f3a4c03b000-7f3a50000000 ---p 00000000 00:00 0 
7f3a50000000-7f3a5007d000 rw-p 00000000 00:00 0 
7f3a5007d000-7f3a54000000 ---p 00000000 00:00 0 
7f3a54000000-7f3a54021000 rw-p 00000000 00:00 0 
7f3a54021000-7f3a58000000 ---p 00000000 00:00 0 
7f3a58000000-7f3a58021000 rw-p 00000000 00:00 0 
7f3a58021000-7f3a5c000000 ---p 00000000 00:00 0 
7f3a5c000000-7f3a5c021000 rw-p 00000000 00:00 0 
7f3a5c021000-7f3a60000000 ---p 00000000 00:00 0 
7f3a60000000-7f3a60021000 rw-p 00000000 00:00 0 
7f3a60021000-7f3a64000000 ---p 00000000 00:00 0 
7f3a64000000-7f3a64021000 rw-p 00000000 00:00 0 
7f3a64021000-7f3a68000000 ---p 00000000 00:00 0 
7f3a68000000-7f3a68021000 rw-p 00000000 00:00 0 
7f3a68021000-7f3a6c000000 ---p 00000000 00:00 0 
7f3a6c000000-7f3a6c021000 rw-p 00000000 00:00 0 
7f3a6c021000-7f3a70000000 ---p 00000000 00:00 0 
7f3a70000000-7f3a70021000 rw-p 00000000 00:00 0 
7f3a70021000-7f3a74000000 ---p 00000000 00:00 0 
7f3a74000000-7f3a74021000 rw-p 00000000 00:00 0 
7f3a74021000-7f3a78000000 ---p 00000000 00:00 0 
7f3a78000000-7f3a78021000 rw-p 00000000 00:00 0 
7f3a78021000-7f3a7c000000 ---p 00000000 00:00 0 
7f3a7c000000-7f3a7c028000 rw-p 00000000 00:00 0 
7f3a7c028000-7f3a80000000 ---p 00000000 00:00 0 
7f3a80000000-7f3a80021000 rw-p 00000000 00:00 0 
7f3a80021000-7f3a84000000 ---p 00000000 00:00 0 
7f3a84000000-7f3a84021000 rw-p 00000000 00:00 0 
7f3a84021000-7f3a88000000 ---p 00000000 00:00 0 
7f3a88000000-7f3a8859b000 rw-p 00000000 00:00 0 
7f3a8859b000-7f3a8c000000 ---p 00000000 00:00 0 
7f3a8c000000-7f3a8c623000 rw-p 00000000 00:00 0 
7f3a8c623000-7f3a90000000 ---p 00000000 00:00 0 
7f3a90000000-7f3a90021000 rw-p 00000000 00:00 0 
7f3a90021000-7f3a94000000 ---p 00000000 00:00 0 
7f3a94000000-7f3a94021000 rw-p 00000000 00:00 0 
7f3a94021000-7f3a98000000 ---p 00000000 00:00 0 
7f3a98000000-7f3a98021000 rw-p 00000000 00:00 0 
7f3a98021000-7f3a9c000000 ---p 00000000 00:00 0 
7f3a9c000000-7f3a9c021000 rw-p 00000000 00:00 0 
7f3a9c021000-7f3aa0000000 ---p 00000000 00:00 0 
7f3aa180c000-7f3aa1810000 ---p 00000000 00:00 0 
7f3aa1810000-7f3aa1b0c000 rw-p 00000000 00:00 0 
7f3aa1b0c000-7f3aa1b10000 ---p 00000000 00:00 0 
7f3aa1b10000-7f3aa1c0c000 rw-p 00000000 00:00 0 
7f3aa1c0c000-7f3aa1c10000 ---p 00000000 00:00 0 
7f3aa1c10000-7f3aa1d0c000 rw-p 00000000 00:00 0 
7f3aa1d0c000-7f3aa1d0d000 ---p 00000000 00:00 0 
7f3aa1d0d000-7f3aa1e0e000 rw-p 00000000 00:00 0 
7f3aa1e0e000-7f3aa1e12000 ---p 00000000 00:00 0 
7f3aa1e12000-7f3aa1f0e000 rw-p 00000000 00:00 0 
7f3aa1f0e000-7f3aa1f12000 ---p 00000000 00:00 0 
7f3aa1f12000-7f3aa200e000 rw-p 00000000 00:00 0 
7f3aa200e000-7f3aa2012000 ---p 00000000 00:00 0 
7f3aa2012000-7f3aa210e000 rw-p 00000000 00:00 0 
7f3aa210e000-7f3aa2112000 ---p 00000000 00:00 0 
7f3aa2112000-7f3aa240e000 rw-p 00000000 00:00 0 
7f3aa240e000-7f3aa240f000 ---p 00000000 00:00 0 
7f3aa240f000-7f3aa2510000 rw-p 00000000 00:00 0 
7f3aa2510000-7f3aa2511000 ---p 00000000 00:00 0 
7f3aa2511000-7f3aa2612000 rw-p 00000000 00:00 0 
7f3aa2612000-7f3aa2616000 ---p 00000000 00:00 0 
7f3aa2616000-7f3aa2712000 rw-p 00000000 00:00 0 
7f3aa2712000-7f3aa2716000 ---p 00000000 00:00 0 
7f3aa2716000-7f3aa2812000 rw-p 00000000 00:00 0 
7f3aa2812000-7f3aa2813000 ---p 00000000 00:00 0 
7f3aa2813000-7f3aa2914000 rw-p 00000000 00:00 0 
7f3aa2914000-7f3aa2915000 ---p 00000000 00:00 0 
7f3aa2915000-7f3aa2a16000 rw-p 00000000 00:00 0 
7f3aa2a16000-7f3aa2a1a000 ---p 00000000 00:00 0 
7f3aa2a1a000-7f3aa2b16000 rw-p 00000000 00:00 0 
7f3aa2b16000-7f3aa2b17000 ---p 00000000 00:00 0 
7f3aa2b17000-7f3aa2c18000 rw-p 00000000 00:00 0 
7f3aa2c18000-7f3aa2c1c000 ---p 00000000 00:00 0 
7f3aa2c1c000-7f3aa2d18000 rw-p 00000000 00:00 0 
7f3aa2d18000-7f3aa2d1c000 ---p 00000000 00:00 0 
7f3aa2d1c000-7f3aa2e18000 rw-p 00000000 00:00 0 
7f3aa2e18000-7f3aa2e1c000 ---p 00000000 00:00 0 
7f3aa2e1c000-7f3aa2f18000 rw-p 00000000 00:00 0 
7f3aa2f18000-7f3aa2f1c000 ---p 00000000 00:00 0 
7f3aa2f1c000-7f3aa3018000 rw-p 00000000 00:00 0 
7f3aa3018000-7f3aa301c000 ---p 00000000 00:00 0 
7f3aa301c000-7f3aa3118000 rw-p 00000000 00:00 0 
7f3aa3118000-7f3aa3f00000 r--p 00000000 08:11 4724057                    /usr/lib/locale/locale-archive
7f3aa3f00000-7f3aa3f04000 ---p 00000000 00:00 0 
7f3aa3f04000-7f3aa4000000 rw-p 00000000 00:00 0 
7f3aa4000000-7f3aa4021000 rw-p 00000000 00:00 0 
7f3aa4021000-7f3aa8000000 ---p 00000000 00:00 0 
7f3aa8000000-7f3aa8025000 rw-p 00000000 00:00 0 
7f3aa8025000-7f3aac000000 ---p 00000000 00:00 0 
7f3aac000000-7f3aac021000 rw-p 00000000 00:00 0 
7f3aac021000-7f3ab0000000 ---p 00000000 00:00 0 
7f3ab0000000-7f3ab0021000 rw-p 00000000 00:00 0 
7f3ab0021000-7f3ab4000000 ---p 00000000 00:00 0 
7f3ab4000000-7f3ab4021000 rw-p 00000000 00:00 0 
7f3ab4021000-7f3ab8000000 ---p 00000000 00:00 0 
7f3ab8048000-7f3ab804c000 ---p 00000000 00:00 0 
7f3ab804c000-7f3aba3b4000 rw-p 00000000 00:00 0 
7f3aba3b4000-7f3abbff8000 ---p 00000000 00:00 0 
7f3abbff8000-7f3abc000000 rw-p 00000000 00:00 0 
7f3abc000000-7f3abc021000 rw-p 00000000 00:00 0 
7f3abc021000-7f3ac0000000 ---p 00000000 00:00 0 
7f3ac0011000-7f3ac0811000 rw-p 00000000 00:00 0 
7f3ac0811000-7f3ac0a81000 rwxp 00000000 00:00 0 
7f3ac0a81000-7f3ac0da1000 ---p 00000000 00:00 0 
7f3ac0da1000-7f3ac1181000 rwxp 00000000 00:00 0 
7f3ac1181000-7f3ac82d9000 ---p 00000000 00:00 0 
7f3ac82d9000-7f3ac8549000 rwxp 00000000 00:00 0 
7f3ac8549000-7f3acf811000 ---p 00000000 00:00 0 
7f3acf811000-7f3ad8000000 r--s 00000000 08:11 7998326                    /usr/lib/jvm/java-11-openjdk-amd64/lib/modules
7f3ad8000000-7f3ad8a0b000 rw-p 00000000 00:00 0 
7f3ad8a0b000-7f3adc000000 ---p 00000000 00:00 0 
7f3adc029000-7f3adc030000 r--s 00000000 08:11 5377565                    /usr/lib/x86_64-linux-gnu/gconv/gconv-modules.cache
7f3adc030000-7f3adc031000 r--p 00000000 08:11 7998298                    /usr/lib/jvm/java-11-openjdk-amd64/lib/libextnet.so
7f3adc031000-7f3adc032000 r-xp 00001000 08:11 7998298                    /usr/lib/jvm/java-11-openjdk-amd64/lib/libextnet.so
7f3adc032000-7f3adc033000 r--p 00002000 08:11 7998298                    /usr/lib/jvm/java-11-openjdk-amd64/lib/libextnet.so
7f3adc033000-7f3adc034000 r--p 00002000 08:11 7998298                    /usr/lib/jvm/java-11-openjdk-amd64/lib/libextnet.so
7f3adc034000-7f3adc035000 rw-p 00003000 08:11 7998298                    /usr/lib/jvm/java-11-openjdk-amd64/lib/libextnet.so
7f3adc035000-7f3adc066000 rw-p 00000000 00:00 0 
7f3adc066000-7f3adc06a000 r--p 00000000 08:11 7998316                    /usr/lib/jvm/java-11-openjdk-amd64/lib/libnet.so
7f3adc06a000-7f3adc078000 r-xp 00004000 08:11 7998316                    /usr/lib/jvm/java-11-openjdk-amd64/lib/libnet.so
7f3adc078000-7f3adc07c000 r--p 00012000 08:11 7998316                    /usr/lib/jvm/java-11-openjdk-amd64/lib/libnet.so
7f3adc07c000-7f3adc07d000 r--p 00015000 08:11 7998316                    /usr/lib/jvm/java-11-openjdk-amd64/lib/libnet.so
7f3adc07d000-7f3adc07e000 rw-p 00016000 08:11 7998316                    /usr/lib/jvm/java-11-openjdk-amd64/lib/libnet.so
7f3adc07e000-7f3adc085000 r--p 00000000 08:11 7998317                    /usr/lib/jvm/java-11-openjdk-amd64/lib/libnio.so
7f3adc085000-7f3adc08d000 r-xp 00007000 08:11 7998317                    /usr/lib/jvm/java-11-openjdk-amd64/lib/libnio.so
7f3adc08d000-7f3adc090000 r--p 0000f000 08:11 7998317                    /usr/lib/jvm/java-11-openjdk-amd64/lib/libnio.so
7f3adc090000-7f3adc091000 r--p 00011000 08:11 7998317                    /usr/lib/jvm/java-11-openjdk-amd64/lib/libnio.so
7f3adc091000-7f3adc092000 rw-p 00012000 08:11 7998317                    /usr/lib/jvm/java-11-openjdk-amd64/lib/libnio.so
7f3adc092000-7f3adc093000 ---p 00000000 00:00 0 
7f3adc093000-7f3adc2da000 rw-p 00000000 00:00 0 
7f3adc2da000-7f3adc2db000 ---p 00000000 00:00 0 
7f3adc2db000-7f3adc3dc000 rw-p 00000000 00:00 0 
7f3adc3dc000-7f3adc3dd000 ---p 00000000 00:00 0 
7f3adc3dd000-7f3adc8e2000 rw-p 00000000 00:00 0 
7f3adc8e2000-7f3adc8e3000 ---p 00000000 00:00 0 
7f3adc8e3000-7f3adc9e4000 rw-p 00000000 00:00 0 
7f3adc9e4000-7f3adc9e5000 ---p 00000000 00:00 0 
7f3adc9e5000-7f3adcd94000 rw-p 00000000 00:00 0 
7f3adcd94000-7f3ade9d8000 ---p 00000000 00:00 0 
7f3ade9d8000-7f3adea2e000 rw-p 00000000 00:00 0 
7f3adea2e000-7f3adedb6000 ---p 00000000 00:00 0 
7f3adedb6000-7f3adee05000 rw-p 00000000 00:00 0 
7f3adee05000-7f3adf18d000 ---p 00000000 00:00 0 
7f3adf18d000-7f3adf1dc000 rw-p 00000000 00:00 0 
7f3adf1dc000-7f3adf564000 ---p 00000000 00:00 0 
7f3adf564000-7f3adf969000 rw-p 00000000 00:00 0 
7f3adf969000-7f3adf96a000 ---p 00000000 00:00 0 
7f3adf96a000-7f3adfa70000 rw-p 00000000 00:00 0 
7f3adfa70000-7f3adfb56000 ---p 00000000 00:00 0 
7f3adfb56000-7f3adfb5e000 rw-p 00000000 00:00 0 
7f3adfb5e000-7f3adfc41000 ---p 00000000 00:00 0 
7f3adfc41000-7f3adfc46000 rw-p 00000000 00:00 0 
7f3adfc46000-7f3adfc4d000 ---p 00000000 00:00 0 
7f3adfc4d000-7f3adfc4f000 r--s 0000c000 08:11 5521797                    /usr/share/java/java-atk-wrapper.jar
7f3adfc4f000-7f3adfc51000 r--p 00000000 08:11 7998325                    /usr/lib/jvm/java-11-openjdk-amd64/lib/libzip.so
7f3adfc51000-7f3adfc56000 r-xp 00002000 08:11 7998325                    /usr/lib/jvm/java-11-openjdk-amd64/lib/libzip.so
7f3adfc56000-7f3adfc58000 r--p 00007000 08:11 7998325                    /usr/lib/jvm/java-11-openjdk-amd64/lib/libzip.so
7f3adfc58000-7f3adfc59000 r--p 00008000 08:11 7998325                    /usr/lib/jvm/java-11-openjdk-amd64/lib/libzip.so
7f3adfc59000-7f3adfc5a000 rw-p 00009000 08:11 7998325                    /usr/lib/jvm/java-11-openjdk-amd64/lib/libzip.so
7f3adfc5a000-7f3adfc62000 rw-s 00000000 08:11 5640245                    /tmp/hsperfdata_elearning/16692
7f3adfc62000-7f3adfc63000 ---p 00000000 00:00 0 
7f3adfc63000-7f3adfc64000 r--p 00000000 00:00 0 
7f3adfc64000-7f3adfc66000 r--p 00000000 08:11 7998308                    /usr/lib/jvm/java-11-openjdk-amd64/lib/libjimage.so
7f3adfc66000-7f3adfc69000 r-xp 00002000 08:11 7998308                    /usr/lib/jvm/java-11-openjdk-amd64/lib/libjimage.so
7f3adfc69000-7f3adfc6a000 r--p 00005000 08:11 7998308                    /usr/lib/jvm/java-11-openjdk-amd64/lib/libjimage.so
7f3adfc6a000-7f3adfc6b000 ---p 00006000 08:11 7998308                    /usr/lib/jvm/java-11-openjdk-amd64/lib/libjimage.so
7f3adfc6b000-7f3adfc6c000 r--p 00006000 08:11 7998308                    /usr/lib/jvm/java-11-openjdk-amd64/lib/libjimage.so
7f3adfc6c000-7f3adfc6d000 rw-p 00007000 08:11 7998308                    /usr/lib/jvm/java-11-openjdk-amd64/lib/libjimage.so
7f3adfc6d000-7f3adfc7a000 r--p 00000000 08:11 7998305                    /usr/lib/jvm/java-11-openjdk-amd64/lib/libjava.so
7f3adfc7a000-7f3adfc90000 r-xp 0000d000 08:11 7998305                    /usr/lib/jvm/java-11-openjdk-amd64/lib/libjava.so
7f3adfc90000-7f3adfc97000 r--p 00023000 08:11 7998305                    /usr/lib/jvm/java-11-openjdk-amd64/lib/libjava.so
7f3adfc97000-7f3adfc98000 r--p 00029000 08:11 7998305                    /usr/lib/jvm/java-11-openjdk-amd64/lib/libjava.so
7f3adfc98000-7f3adfc99000 rw-p 0002a000 08:11 7998305                    /usr/lib/jvm/java-11-openjdk-amd64/lib/libjava.so
7f3adfc99000-7f3adfc9a000 rw-p 00000000 00:00 0 
7f3adfc9a000-7f3adfc9b000 r--p 00000000 08:11 4726153                    /usr/lib/x86_64-linux-gnu/librt.so.1
7f3adfc9b000-7f3adfc9c000 r-xp 00001000 08:11 4726153                    /usr/lib/x86_64-linux-gnu/librt.so.1
7f3adfc9c000-7f3adfc9d000 r--p 00002000 08:11 4726153                    /usr/lib/x86_64-linux-gnu/librt.so.1
7f3adfc9d000-7f3adfc9e000 r--p 00002000 08:11 4726153                    /usr/lib/x86_64-linux-gnu/librt.so.1
7f3adfc9e000-7f3adfc9f000 rw-p 00003000 08:11 4726153                    /usr/lib/x86_64-linux-gnu/librt.so.1
7f3adfc9f000-7f3adfca3000 ---p 00000000 00:00 0 
7f3adfca3000-7f3adfd9f000 rw-p 00000000 00:00 0 
7f3adfd9f000-7f3adfda2000 r--p 00000000 08:11 4721777                    /usr/lib/x86_64-linux-gnu/libgcc_s.so.1
7f3adfda2000-7f3adfdb9000 r-xp 00003000 08:11 4721777                    /usr/lib/x86_64-linux-gnu/libgcc_s.so.1
7f3adfdb9000-7f3adfdbd000 r--p 0001a000 08:11 4721777                    /usr/lib/x86_64-linux-gnu/libgcc_s.so.1
7f3adfdbd000-7f3adfdbe000 r--p 0001d000 08:11 4721777                    /usr/lib/x86_64-linux-gnu/libgcc_s.so.1
7f3adfdbe000-7f3adfdbf000 rw-p 0001e000 08:11 4721777                    /usr/lib/x86_64-linux-gnu/libgcc_s.so.1
7f3adfdbf000-7f3adfdcd000 r--p 00000000 08:11 4725828                    /usr/lib/x86_64-linux-gnu/libm.so.6
7f3adfdcd000-7f3adfe49000 r-xp 0000e000 08:11 4725828                    /usr/lib/x86_64-linux-gnu/libm.so.6
7f3adfe49000-7f3adfea4000 r--p 0008a000 08:11 4725828                    /usr/lib/x86_64-linux-gnu/libm.so.6
7f3adfea4000-7f3adfea5000 r--p 000e4000 08:11 4725828                    /usr/lib/x86_64-linux-gnu/libm.so.6
7f3adfea5000-7f3adfea6000 rw-p 000e5000 08:11 4725828                    /usr/lib/x86_64-linux-gnu/libm.so.6
7f3adfea6000-7f3adff40000 r--p 00000000 08:11 4721378                    /usr/lib/x86_64-linux-gnu/libstdc++.so.6.0.30
7f3adff40000-7f3ae0050000 r-xp 0009a000 08:11 4721378                    /usr/lib/x86_64-linux-gnu/libstdc++.so.6.0.30
7f3ae0050000-7f3ae00bf000 r--p 001aa000 08:11 4721378                    /usr/lib/x86_64-linux-gnu/libstdc++.so.6.0.30
7f3ae00bf000-7f3ae00ca000 r--p 00218000 08:11 4721378                    /usr/lib/x86_64-linux-gnu/libstdc++.so.6.0.30
7f3ae00ca000-7f3ae00cd000 rw-p 00223000 08:11 4721378                    /usr/lib/x86_64-linux-gnu/libstdc++.so.6.0.30
7f3ae00cd000-7f3ae00d0000 rw-p 00000000 00:00 0 
7f3ae00d0000-7f3ae0352000 r--p 00000000 08:11 7998331                    /usr/lib/jvm/java-11-openjdk-amd64/lib/server/libjvm.so
7f3ae0352000-7f3ae0fe4000 r-xp 00282000 08:11 7998331                    /usr/lib/jvm/java-11-openjdk-amd64/lib/server/libjvm.so
7f3ae0fe4000-7f3ae123d000 r--p 00f14000 08:11 7998331                    /usr/lib/jvm/java-11-openjdk-amd64/lib/server/libjvm.so
7f3ae123d000-7f3ae1301000 r--p 0116c000 08:11 7998331                    /usr/lib/jvm/java-11-openjdk-amd64/lib/server/libjvm.so
7f3ae1301000-7f3ae133c000 rw-p 01230000 08:11 7998331                    /usr/lib/jvm/java-11-openjdk-amd64/lib/server/libjvm.so
7f3ae133c000-7f3ae1395000 rw-p 00000000 00:00 0 
7f3ae1395000-7f3ae1397000 r--p 00000000 08:11 4721861                    /usr/lib/x86_64-linux-gnu/libz.so.1.2.11
7f3ae1397000-7f3ae13a8000 r-xp 00002000 08:11 4721861                    /usr/lib/x86_64-linux-gnu/libz.so.1.2.11
7f3ae13a8000-7f3ae13ae000 r--p 00013000 08:11 4721861                    /usr/lib/x86_64-linux-gnu/libz.so.1.2.11
7f3ae13ae000-7f3ae13af000 ---p 00019000 08:11 4721861                    /usr/lib/x86_64-linux-gnu/libz.so.1.2.11
7f3ae13af000-7f3ae13b0000 r--p 00019000 08:11 4721861                    /usr/lib/x86_64-linux-gnu/libz.so.1.2.11
7f3ae13b0000-7f3ae13b1000 rw-p 0001a000 08:11 4721861                    /usr/lib/x86_64-linux-gnu/libz.so.1.2.11
7f3ae13b1000-7f3ae13d9000 r--p 00000000 08:11 4725177                    /usr/lib/x86_64-linux-gnu/libc.so.6
7f3ae13d9000-7f3ae156e000 r-xp 00028000 08:11 4725177                    /usr/lib/x86_64-linux-gnu/libc.so.6
7f3ae156e000-7f3ae15c6000 r--p 001bd000 08:11 4725177                    /usr/lib/x86_64-linux-gnu/libc.so.6
7f3ae15c6000-7f3ae15ca000 r--p 00214000 08:11 4725177                    /usr/lib/x86_64-linux-gnu/libc.so.6
7f3ae15ca000-7f3ae15cc000 rw-p 00218000 08:11 4725177                    /usr/lib/x86_64-linux-gnu/libc.so.6
7f3ae15cc000-7f3ae15d9000 rw-p 00000000 00:00 0 
7f3ae15d9000-7f3ae15de000 r--p 00000000 08:11 7998324                    /usr/lib/jvm/java-11-openjdk-amd64/lib/libverify.so
7f3ae15de000-7f3ae15e5000 r-xp 00005000 08:11 7998324                    /usr/lib/jvm/java-11-openjdk-amd64/lib/libverify.so
7f3ae15e5000-7f3ae15e7000 r--p 0000c000 08:11 7998324                    /usr/lib/jvm/java-11-openjdk-amd64/lib/libverify.so
7f3ae15e7000-7f3ae15e9000 r--p 0000d000 08:11 7998324                    /usr/lib/jvm/java-11-openjdk-amd64/lib/libverify.so
7f3ae15e9000-7f3ae15ea000 rw-p 0000f000 08:11 7998324                    /usr/lib/jvm/java-11-openjdk-amd64/lib/libverify.so
7f3ae15ea000-7f3ae15ed000 r--p 00000000 08:11 7998290                    /usr/lib/jvm/java-11-openjdk-amd64/lib/jli/libjli.so
7f3ae15ed000-7f3ae15f7000 r-xp 00003000 08:11 7998290                    /usr/lib/jvm/java-11-openjdk-amd64/lib/jli/libjli.so
7f3ae15f7000-7f3ae15fa000 r--p 0000d000 08:11 7998290                    /usr/lib/jvm/java-11-openjdk-amd64/lib/jli/libjli.so
7f3ae15fa000-7f3ae15fb000 ---p 00010000 08:11 7998290                    /usr/lib/jvm/java-11-openjdk-amd64/lib/jli/libjli.so
7f3ae15fb000-7f3ae15fc000 r--p 00010000 08:11 7998290                    /usr/lib/jvm/java-11-openjdk-amd64/lib/jli/libjli.so
7f3ae15fc000-7f3ae15fd000 rw-p 00011000 08:11 7998290                    /usr/lib/jvm/java-11-openjdk-amd64/lib/jli/libjli.so
7f3ae15fd000-7f3ae15ff000 rw-p 00000000 00:00 0 
7f3ae15ff000-7f3ae1601000 r--p 00000000 08:11 4724840                    /usr/lib/x86_64-linux-gnu/ld-linux-x86-64.so.2
7f3ae1601000-7f3ae162b000 r-xp 00002000 08:11 4724840                    /usr/lib/x86_64-linux-gnu/ld-linux-x86-64.so.2
7f3ae162b000-7f3ae1636000 r--p 0002c000 08:11 4724840                    /usr/lib/x86_64-linux-gnu/ld-linux-x86-64.so.2
7f3ae1637000-7f3ae1639000 r--p 00037000 08:11 4724840                    /usr/lib/x86_64-linux-gnu/ld-linux-x86-64.so.2
7f3ae1639000-7f3ae163b000 rw-p 00039000 08:11 4724840                    /usr/lib/x86_64-linux-gnu/ld-linux-x86-64.so.2
7ffc99355000-7ffc99377000 rw-p 00000000 00:00 0                          [stack]
7ffc9938e000-7ffc99392000 r--p 00000000 00:00 0                          [vvar]
7ffc99392000-7ffc99394000 r-xp 00000000 00:00 0                          [vdso]
ffffffffff600000-ffffffffff601000 --xp 00000000 00:00 0                  [vsyscall]


VM Arguments:
java_command: org.languagetool.server.HTTPServer -p 8081
java_class_path (initial): /home/elearning/.cache/language_tool_python/LanguageTool-5.7/languagetool-server.jar
Launcher Type: SUN_STANDARD

[Global flags]
     intx CICompilerCount                          = 3                                         {product} {ergonomic}
     uint ConcGCThreads                            = 1                                         {product} {ergonomic}
     uint G1ConcRefinementThreads                  = 4                                         {product} {ergonomic}
   size_t G1HeapRegionSize                         = 1048576                                   {product} {ergonomic}
    uintx GCDrainStackTargetSize                   = 64                                        {product} {ergonomic}
   size_t InitialHeapSize                          = 130023424                                 {product} {ergonomic}
   size_t MarkStackSize                            = 4194304                                   {product} {ergonomic}
   size_t MaxHeapSize                              = 2061500416                                {product} {ergonomic}
   size_t MaxNewSize                               = 1236271104                                {product} {ergonomic}
   size_t MinHeapDeltaBytes                        = 1048576                                   {product} {ergonomic}
    uintx NonNMethodCodeHeapSize                   = 5830732                                {pd product} {ergonomic}
    uintx NonProfiledCodeHeapSize                  = 122913754                              {pd product} {ergonomic}
    uintx ProfiledCodeHeapSize                     = 122913754                              {pd product} {ergonomic}
    uintx ReservedCodeCacheSize                    = 251658240                              {pd product} {ergonomic}
     bool SegmentedCodeCache                       = true                                      {product} {ergonomic}
     bool UseCompressedClassPointers               = true                                 {lp64_product} {ergonomic}
     bool UseCompressedOops                        = true                                 {lp64_product} {ergonomic}
     bool UseG1GC                                  = true                                      {product} {ergonomic}

Logging:
Log output configuration:
 #0: stdout all=warning uptime,level,tags
 #1: stderr all=off uptime,level,tags

Environment Variables:
PATH=/bin:/home/elearning/.local/bin:/home/elearning/miniconda3/condabin:/home/elearning/.local/bin:/usr/local/sbin:/usr/local/bin:/usr/sbin:/usr/bin:/sbin:/bin:/usr/games:/usr/local/games:/snap/bin:/snap/bin
USERNAME=elearning
SHELL=/bin/bash
DISPLAY=:0
LANG=en_US.UTF-8

Signal Handlers:
SIGSEGV: [libjvm.so+0xea2440], sa_mask[0]=11111111011111111101111111111110, sa_flags=SA_RESTART|SA_SIGINFO
SIGBUS: [libjvm.so+0xea2440], sa_mask[0]=11111111011111111101111111111110, sa_flags=SA_RESTART|SA_SIGINFO
SIGFPE: [libjvm.so+0xea2440], sa_mask[0]=11111111011111111101111111111110, sa_flags=SA_RESTART|SA_SIGINFO
SIGPIPE: [libjvm.so+0xbe6300], sa_mask[0]=11111111011111111101111111111110, sa_flags=SA_RESTART|SA_SIGINFO
SIGXFSZ: [libjvm.so+0xbe6300], sa_mask[0]=11111111011111111101111111111110, sa_flags=SA_RESTART|SA_SIGINFO
SIGILL: [libjvm.so+0xea2440], sa_mask[0]=11111111011111111101111111111110, sa_flags=SA_RESTART|SA_SIGINFO
SIGUSR2: [libjvm.so+0xbe61a0], sa_mask[0]=00000000000000000000000000000000, sa_flags=SA_RESTART|SA_SIGINFO
SIGHUP: [libjvm.so+0xbe6a00], sa_mask[0]=11111111011111111101111111111110, sa_flags=SA_RESTART|SA_SIGINFO
SIGINT: [libjvm.so+0xbe6a00], sa_mask[0]=11111111011111111101111111111110, sa_flags=SA_RESTART|SA_SIGINFO
SIGTERM: [libjvm.so+0xbe6a00], sa_mask[0]=11111111011111111101111111111110, sa_flags=SA_RESTART|SA_SIGINFO
SIGQUIT: [libjvm.so+0xbe6a00], sa_mask[0]=11111111011111111101111111111110, sa_flags=SA_RESTART|SA_SIGINFO


---------------  S Y S T E M  ---------------

OS:DISTRIB_ID=Ubuntu
DISTRIB_RELEASE=22.04
DISTRIB_CODENAME=jammy
DISTRIB_DESCRIPTION="Ubuntu 22.04.1 LTS"
uname:Linux 5.15.0-50-generic #56-Ubuntu SMP Tue Sep 20 13:23:26 UTC 2022 x86_64
OS uptime: 0 days 1:50 hours
libc:glibc 2.35 NPTL 2.35 
rlimit (soft/hard): STACK 8192k/infinity , CORE 0k/infinity , NPROC 31169/31169 , NOFILE 1048576/1048576 , AS infinity/infinity , CPU infinity/infinity , DATA infinity/infinity , FSIZE infinity/infinity , MEMLOCK 1006252k/1006252k
load average:4.06 2.51 1.78

/proc/meminfo:
MemTotal:        8050016 kB
MemFree:          144532 kB
MemAvailable:     679932 kB
Buffers:           24384 kB
Cached:          1244468 kB
SwapCached:        30000 kB
Active:           913412 kB
Inactive:        6437224 kB
Active(anon):     597560 kB
Inactive(anon):  6121952 kB
Active(file):     315852 kB
Inactive(file):   315272 kB
Unevictable:       52984 kB
Mlocked:              96 kB
SwapTotal:      15999996 kB
SwapFree:       15058428 kB
Dirty:               284 kB
Writeback:             0 kB
AnonPages:       6111876 kB
Mapped:           597868 kB
Shmem:            637648 kB
KReclaimable:     209480 kB
Slab:             341184 kB
SReclaimable:     209480 kB
SUnreclaim:       131704 kB
KernelStack:       22128 kB
PageTables:        63280 kB
NFS_Unstable:          0 kB
Bounce:                0 kB
WritebackTmp:          0 kB
CommitLimit:    20025004 kB
Committed_AS:   16972220 kB
VmallocTotal:   34359738367 kB
VmallocUsed:       49536 kB
VmallocChunk:          0 kB
Percpu:             4592 kB
HardwareCorrupted:     0 kB
AnonHugePages:         0 kB
ShmemHugePages:        0 kB
ShmemPmdMapped:        0 kB
FileHugePages:         0 kB
FilePmdMapped:         0 kB
HugePages_Total:       0
HugePages_Free:        0
HugePages_Rsvd:        0
HugePages_Surp:        0
Hugepagesize:       2048 kB
Hugetlb:               0 kB
DirectMap4k:      370404 kB
DirectMap2M:     7927808 kB

/sys/kernel/mm/transparent_hugepage/enabled:
always [madvise] never
/sys/kernel/mm/transparent_hugepage/defrag (defrag/compaction efforts parameter):
always defer defer+madvise [madvise] never

Process Memory:
Virtual Size: 5626464K (peak: 13437900K)
Resident Set Size: 212924K (peak: 213912K) (anon: 185232K, file: 27692K, shmem: 0K)
Swapped out: 0K
C-Heap outstanding allocations: 30414K, retained: 4149K
glibc malloc tunables: (default)

/proc/sys/kernel/threads-max (system-wide limit on the number of threads):
62338
/proc/sys/vm/max_map_count (maximum number of memory map areas a process may have):
65530
/proc/sys/kernel/pid_max (system-wide limit on number of process identifiers):
4194304

container (cgroup) information:
container_type: cgroupv2
cpu_cpuset_cpus: not supported
cpu_memory_nodes: not supported
active_processor_count: 4
cpu_quota: not supported
cpu_period: not supported
cpu_shares: not supported
memory_limit_in_bytes: unlimited
memory_and_swap_limit_in_bytes: unlimited
memory_soft_limit_in_bytes: unlimited
memory_usage_in_bytes: 3634249728
memory_max_usage_in_bytes: not supported

Steal ticks since vm start: 0
Steal ticks percentage since vm start:  0.000

CPU:total 4 (initial active 4) (2 cores per cpu, 2 threads per core) family 6 model 42 stepping 7 microcode 0x2f, cmov, cx8, fxsr, mmx, sse, sse2, sse3, ssse3, sse4.1, sse4.2, popcnt, avx, clmul, ht, tsc, tscinvbit
CPU Model and flags from /proc/cpuinfo:
model name	: Intel(R) Core(TM) i3-2120 CPU @ 3.30GHz
flags		: fpu vme de pse tsc msr pae mce cx8 apic sep mtrr pge mca cmov pat pse36 clflush dts acpi mmx fxsr sse sse2 ht tm pbe syscall nx rdtscp lm constant_tsc arch_perfmon pebs bts rep_good nopl xtopology nonstop_tsc cpuid aperfmperf pni pclmulqdq dtes64 monitor ds_cpl est tm2 ssse3 cx16 xtpr pdcm pcid sse4_1 sse4_2 popcnt tsc_deadline_timer xsave avx lahf_lm epb pti ssbd ibrs ibpb stibp xsaveopt dtherm arat pln pts md_clear flush_l1d
Online cpus:
0-3
Offline cpus:

BIOS frequency limitation:
<Not Available>
Frequency switch latency (ns):
20000
Available cpu frequencies:
<Not Available>
Current governor:
schedutil
Core performance/turbo boost:
<Not Available>

Memory: 4k page, physical 8050016k(144532k free), swap 15999996k(15058428k free)

vm_info: OpenJDK 64-Bit Server VM (11.0.16+8-post-Ubuntu-0ubuntu122.04) for linux-amd64 JRE (11.0.16+8-post-Ubuntu-0ubuntu122.04), built on Jul 22 2022 09:14:39 by "unknown" with gcc 11.2.0

END.
